[2017-11-14T13:21:14.867+0100] [glassfish 4.0] [INFO] [NCLS-LOGGING-00009] [javax.enterprise.logging] [tid: _ThreadID=1 _ThreadName=main] [timeMillis: 1510662074867] [levelValue: 800] [[
  Running GlassFish Version: GlassFish Server Open Source Edition  4.0  (build 89)]]

[2017-11-14T13:21:14.869+0100] [glassfish 4.0] [INFO] [NCLS-LOGGING-00010] [javax.enterprise.logging] [tid: _ThreadID=1 _ThreadName=main] [timeMillis: 1510662074869] [levelValue: 800] [[
  Server log file is using Formatter class: com.sun.enterprise.server.logging.ODLLogFormatter]]

[2017-11-14T13:21:14.979+0100] [glassfish 4.0] [INFO] [realm.loaded.successfully] [javax.enterprise.system.core.security.com.sun.enterprise.security.auth.realm] [tid: _ThreadID=1 _ThreadName=main] [timeMillis: 1510662074979] [levelValue: 800] [[
  SEC1115: Realm [admin-realm] of classtype [com.sun.enterprise.security.auth.realm.file.FileRealm] successfully created.]]

[2017-11-14T13:21:14.980+0100] [glassfish 4.0] [INFO] [realm.loaded.successfully] [javax.enterprise.system.core.security.com.sun.enterprise.security.auth.realm] [tid: _ThreadID=1 _ThreadName=main] [timeMillis: 1510662074980] [levelValue: 800] [[
  SEC1115: Realm [file] of classtype [com.sun.enterprise.security.auth.realm.file.FileRealm] successfully created.]]

[2017-11-14T13:21:14.987+0100] [glassfish 4.0] [INFO] [realm.loaded.successfully] [javax.enterprise.system.core.security.com.sun.enterprise.security.auth.realm] [tid: _ThreadID=1 _ThreadName=main] [timeMillis: 1510662074987] [levelValue: 800] [[
  SEC1115: Realm [certificate] of classtype [com.sun.enterprise.security.auth.realm.certificate.CertificateRealm] successfully created.]]

[2017-11-14T13:21:15.270+0100] [glassfish 4.0] [INFO] [] [javax.enterprise.system.core] [tid: _ThreadID=1 _ThreadName=main] [timeMillis: 1510662075270] [levelValue: 800] [[
  Grizzly Framework 2.3.1 started in: 19ms - bound to [/0.0.0.0:8.080]]]

[2017-11-14T13:21:15.313+0100] [glassfish 4.0] [INFO] [] [javax.enterprise.system.core] [tid: _ThreadID=1 _ThreadName=main] [timeMillis: 1510662075313] [levelValue: 800] [[
  Grizzly Framework 2.3.1 started in: 5ms - bound to [/0.0.0.0:8.181]]]

[2017-11-14T13:21:15.325+0100] [glassfish 4.0] [INFO] [] [javax.enterprise.system.core] [tid: _ThreadID=1 _ThreadName=main] [timeMillis: 1510662075325] [levelValue: 800] [[
  Grizzly Framework 2.3.1 started in: 2ms - bound to [/0.0.0.0:4.848]]]

[2017-11-14T13:21:15.411+0100] [glassfish 4.0] [INFO] [] [javax.enterprise.system.core.security.org.glassfish.security.services.impl.authorization] [tid: _ThreadID=1 _ThreadName=main] [timeMillis: 1510662075411] [levelValue: 800] [[
  Authorization Service has successfully initialized.]]

[2017-11-14T13:21:15.449+0100] [glassfish 4.0] [INFO] [] [org.glassfish.ha.store.spi.BackingStoreFactoryRegistry] [tid: _ThreadID=1 _ThreadName=main] [timeMillis: 1510662075449] [levelValue: 800] [[
  Registered org.glassfish.ha.store.adapter.cache.ShoalBackingStoreProxy for persistence-type = replicated in BackingStoreFactoryRegistry]]

[2017-11-14T13:21:15.477+0100] [glassfish 4.0] [INFO] [] [javax.enterprise.system.core] [tid: _ThreadID=1 _ThreadName=main] [timeMillis: 1510662075477] [levelValue: 800] [[
  Grizzly Framework 2.3.1 started in: 1ms - bound to [/0.0.0.0:3.700]]]

[2017-11-14T13:21:15.711+0100] [glassfish 4.0] [INFO] [] [org.hibernate.validator.internal.util.Version] [tid: _ThreadID=1 _ThreadName=main] [timeMillis: 1510662075711] [levelValue: 800] [[
  HV000001: Hibernate Validator 5.0.0.Final]]

[2017-11-14T13:21:16.000+0100] [glassfish 4.0] [INFO] [NCLS-CORE-00017] [javax.enterprise.system.core] [tid: _ThreadID=1 _ThreadName=main] [timeMillis: 1510662076000] [levelValue: 800] [[
  GlassFish Server Open Source Edition  4.0  (89) startup time : Felix (2.502ms), startup services(1.205ms), total(3.707ms)]]

[2017-11-14T13:21:16.165+0100] [glassfish 4.0] [INFO] [] [org.glassfish.jersey.server.ApplicationHandler] [tid: _ThreadID=59 _ThreadName=pool-12-thread-1] [timeMillis: 1510662076165] [levelValue: 800] [[
  Initiating Jersey application, version Jersey: 2.0 2013-05-03 14:50:15...]]

[2017-11-14T13:21:16.394+0100] [glassfish 4.0] [INFO] [] [javax.enterprise.system.core] [tid: _ThreadID=1 _ThreadName=main] [timeMillis: 1510662076394] [levelValue: 800] [[
  Grizzly Framework 2.3.1 started in: 1ms - bound to [/0.0.0.0:7.676]]]

[2017-11-14T13:21:16.724+0100] [glassfish 4.0] [INFO] [NCLS-BOOTSTRAP-00027] [javax.enterprise.bootstrap] [tid: _ThreadID=1 _ThreadName=main] [timeMillis: 1510662076724] [levelValue: 800] [[
  Registered com.sun.enterprise.glassfish.bootstrap.osgi.EmbeddedOSGiGlassFishImpl@4b4a2fa8 as OSGi service registration: org.apache.felix.framework.ServiceRegistrationImpl@4e67cfe1.]]

[2017-11-14T13:21:17.077+0100] [glassfish 4.0] [INFO] [NCLS-JMX-00005] [javax.enterprise.system.jmx] [tid: _ThreadID=76 _ThreadName=Thread-12] [timeMillis: 1510662077077] [levelValue: 800] [[
  JMXStartupService has started JMXConnector on JMXService URL service:jmx:rmi://Henri-Desktop:8686/jndi/rmi://Henri-Desktop:8686/jmxrmi]]

[2017-11-14T13:21:19.821+0100] [glassfish 4.0] [INFO] [] [javax.enterprise.system.tools.deployment.common] [tid: _ThreadID=36 _ThreadName=admin-listener(3)] [timeMillis: 1510662079821] [levelValue: 800] [[
  visiting unvisited references]]

[2017-11-14T13:21:20.143+0100] [glassfish 4.0] [INFO] [] [javax.enterprise.system.tools.deployment.common] [tid: _ThreadID=36 _ThreadName=admin-listener(3)] [timeMillis: 1510662080143] [levelValue: 800] [[
  visiting unvisited references]]

[2017-11-14T13:21:20.171+0100] [glassfish 4.0] [SEVERE] [] [javax.enterprise.system.core] [tid: _ThreadID=36 _ThreadName=admin-listener(3)] [timeMillis: 1510662080171] [levelValue: 1000] [[
  Exception while deploying the app [WelcomeClient-ear]]]

[2017-11-14T13:21:20.172+0100] [glassfish 4.0] [SEVERE] [NCLS-CORE-00026] [javax.enterprise.system.core] [tid: _ThreadID=36 _ThreadName=admin-listener(3)] [timeMillis: 1510662080172] [levelValue: 1000] [[
  Exception during lifecycle processing
java.lang.IllegalArgumentException: Invalid ejb jar WelcomeClient-ejb.jar: it contains zero ejb. A valid ejb jar requires at least one session/entity/message driven bean.
	at org.glassfish.ejb.deployment.util.EjbBundleValidator.accept(EjbBundleValidator.java:147)
	at org.glassfish.ejb.deployment.util.EjbBundleValidator.accept(EjbBundleValidator.java:112)
	at com.sun.enterprise.deployment.BundleDescriptor.visit(BundleDescriptor.java:621)
	at org.glassfish.ejb.deployment.descriptor.EjbBundleDescriptorImpl.visit(EjbBundleDescriptorImpl.java:757)
	at com.sun.enterprise.deployment.util.ApplicationValidator.accept(ApplicationValidator.java:116)
	at com.sun.enterprise.deployment.BundleDescriptor.visit(BundleDescriptor.java:621)
	at com.sun.enterprise.deployment.archivist.ApplicationArchivist.validate(ApplicationArchivist.java:703)
	at com.sun.enterprise.deployment.archivist.ApplicationArchivist.openWith(ApplicationArchivist.java:248)
	at com.sun.enterprise.deployment.archivist.ApplicationFactory.openWith(ApplicationFactory.java:232)
	at org.glassfish.javaee.core.deployment.DolProvider.processDOL(DolProvider.java:188)
	at org.glassfish.javaee.core.deployment.DolProvider.load(DolProvider.java:222)
	at org.glassfish.javaee.core.deployment.DolProvider.load(DolProvider.java:96)
	at com.sun.enterprise.v3.server.ApplicationLifecycle.loadDeployer(ApplicationLifecycle.java:878)
	at com.sun.enterprise.v3.server.ApplicationLifecycle.setupContainerInfos(ApplicationLifecycle.java:818)
	at com.sun.enterprise.v3.server.ApplicationLifecycle.deploy(ApplicationLifecycle.java:374)
	at com.sun.enterprise.v3.server.ApplicationLifecycle.deploy(ApplicationLifecycle.java:219)
	at org.glassfish.deployment.admin.DeployCommand.execute(DeployCommand.java:491)
	at com.sun.enterprise.v3.admin.CommandRunnerImpl$2$1.run(CommandRunnerImpl.java:527)
	at com.sun.enterprise.v3.admin.CommandRunnerImpl$2$1.run(CommandRunnerImpl.java:523)
	at java.security.AccessController.doPrivileged(Native Method)
	at javax.security.auth.Subject.doAs(Subject.java:360)
	at com.sun.enterprise.v3.admin.CommandRunnerImpl$2.execute(CommandRunnerImpl.java:522)
	at com.sun.enterprise.v3.admin.CommandRunnerImpl.doCommand(CommandRunnerImpl.java:546)
	at com.sun.enterprise.v3.admin.CommandRunnerImpl.doCommand(CommandRunnerImpl.java:1423)
	at com.sun.enterprise.v3.admin.CommandRunnerImpl.access$1500(CommandRunnerImpl.java:108)
	at com.sun.enterprise.v3.admin.CommandRunnerImpl$ExecutionContext.execute(CommandRunnerImpl.java:1762)
	at com.sun.enterprise.v3.admin.CommandRunnerImpl$ExecutionContext.execute(CommandRunnerImpl.java:1674)
	at com.sun.enterprise.v3.admin.AdminAdapter.doCommand(AdminAdapter.java:534)
	at com.sun.enterprise.v3.admin.AdminAdapter.onMissingResource(AdminAdapter.java:224)
	at org.glassfish.grizzly.http.server.StaticHttpHandler.service(StaticHttpHandler.java:297)
	at com.sun.enterprise.v3.services.impl.ContainerMapper.service(ContainerMapper.java:246)
	at org.glassfish.grizzly.http.server.HttpHandler.runService(HttpHandler.java:191)
	at org.glassfish.grizzly.http.server.HttpHandler.doHandle(HttpHandler.java:168)
	at org.glassfish.grizzly.http.server.HttpServerFilter.handleRead(HttpServerFilter.java:189)
	at org.glassfish.grizzly.filterchain.ExecutorResolver$9.execute(ExecutorResolver.java:119)
	at org.glassfish.grizzly.filterchain.DefaultFilterChain.executeFilter(DefaultFilterChain.java:288)
	at org.glassfish.grizzly.filterchain.DefaultFilterChain.executeChainPart(DefaultFilterChain.java:206)
	at org.glassfish.grizzly.filterchain.DefaultFilterChain.execute(DefaultFilterChain.java:136)
	at org.glassfish.grizzly.filterchain.DefaultFilterChain.process(DefaultFilterChain.java:114)
	at org.glassfish.grizzly.ProcessorExecutor.execute(ProcessorExecutor.java:77)
	at org.glassfish.grizzly.nio.transport.TCPNIOTransport.fireIOEvent(TCPNIOTransport.java:838)
	at org.glassfish.grizzly.strategies.AbstractIOStrategy.fireIOEvent(AbstractIOStrategy.java:113)
	at org.glassfish.grizzly.strategies.WorkerThreadIOStrategy.run0(WorkerThreadIOStrategy.java:115)
	at org.glassfish.grizzly.strategies.WorkerThreadIOStrategy.access$100(WorkerThreadIOStrategy.java:55)
	at org.glassfish.grizzly.strategies.WorkerThreadIOStrategy$WorkerThreadRunnable.run(WorkerThreadIOStrategy.java:135)
	at org.glassfish.grizzly.threadpool.AbstractThreadPool$Worker.doWork(AbstractThreadPool.java:564)
	at org.glassfish.grizzly.threadpool.AbstractThreadPool$Worker.run(AbstractThreadPool.java:544)
	at java.lang.Thread.run(Thread.java:748)
]]

[2017-11-14T13:21:20.176+0100] [glassfish 4.0] [SEVERE] [] [javax.enterprise.system.core] [tid: _ThreadID=36 _ThreadName=admin-listener(3)] [timeMillis: 1510662080176] [levelValue: 1000] [[
  Exception while deploying the app [WelcomeClient-ear] : Invalid ejb jar WelcomeClient-ejb.jar: it contains zero ejb. A valid ejb jar requires at least one session/entity/message driven bean.]]

[2017-11-14T13:26:56.036+0100] [glassfish 4.0] [INFO] [] [javax.enterprise.system.core] [tid: _ThreadID=103 _ThreadName=Thread-18] [timeMillis: 1510662416036] [levelValue: 800] [[
  Server shutdown initiated]]

[2017-11-14T13:26:56.042+0100] [glassfish 4.0] [INFO] [NCLS-BOOTSTRAP-00028] [javax.enterprise.bootstrap] [tid: _ThreadID=103 _ThreadName=Thread-18] [timeMillis: 1510662416042] [levelValue: 800] [[
  Unregistered com.sun.enterprise.glassfish.bootstrap.osgi.EmbeddedOSGiGlassFishImpl@4b4a2fa8 from service registry.]]

[2017-11-14T13:26:56.043+0100] [glassfish 4.0] [INFO] [] [] [tid: _ThreadID=103 _ThreadName=Thread-3] [timeMillis: 1510662416043] [levelValue: 800] [[
  FileMonitoring shutdown]]

[2017-11-14T13:26:56.050+0100] [glassfish 4.0] [INFO] [NCLS-JMX-00002] [javax.enterprise.system.jmx] [tid: _ThreadID=103 _ThreadName=Thread-18] [timeMillis: 1510662416050] [levelValue: 800] [[
  JMXStartupService: Stopped JMXConnectorServer: null]]

[2017-11-14T13:26:56.051+0100] [glassfish 4.0] [INFO] [NCLS-JMX-00001] [javax.enterprise.system.jmx] [tid: _ThreadID=103 _ThreadName=Thread-18] [timeMillis: 1510662416051] [levelValue: 800] [[
  JMXStartupService and JMXConnectors have been shut down.]]

[2017-11-14T13:26:56.128+0100] [glassfish 4.0] [INFO] [] [] [tid: _ThreadID=103 _ThreadName=Thread-3] [timeMillis: 1510662416128] [levelValue: 800] [[
  JdbcRuntimeExtension,  getAllSystemRAResourcesAndPools = [GlassFishConfigBean.org.glassfish.jdbc.config.JdbcResource, GlassFishConfigBean.org.glassfish.jdbc.config.JdbcResource, GlassFishConfigBean.org.glassfish.jdbc.config.JdbcConnectionPool, GlassFishConfigBean.org.glassfish.jdbc.config.JdbcConnectionPool]]]

[2017-11-14T13:27:07.910+0100] [glassfish 4.0] [INFO] [NCLS-LOGGING-00009] [javax.enterprise.logging] [tid: _ThreadID=1 _ThreadName=main] [timeMillis: 1510662427910] [levelValue: 800] [[
  Running GlassFish Version: GlassFish Server Open Source Edition  4.0  (build 89)]]

[2017-11-14T13:27:07.912+0100] [glassfish 4.0] [INFO] [NCLS-LOGGING-00010] [javax.enterprise.logging] [tid: _ThreadID=1 _ThreadName=main] [timeMillis: 1510662427912] [levelValue: 800] [[
  Server log file is using Formatter class: com.sun.enterprise.server.logging.ODLLogFormatter]]

[2017-11-14T13:27:08.011+0100] [glassfish 4.0] [INFO] [realm.loaded.successfully] [javax.enterprise.system.core.security.com.sun.enterprise.security.auth.realm] [tid: _ThreadID=1 _ThreadName=main] [timeMillis: 1510662428011] [levelValue: 800] [[
  SEC1115: Realm [admin-realm] of classtype [com.sun.enterprise.security.auth.realm.file.FileRealm] successfully created.]]

[2017-11-14T13:27:08.012+0100] [glassfish 4.0] [INFO] [realm.loaded.successfully] [javax.enterprise.system.core.security.com.sun.enterprise.security.auth.realm] [tid: _ThreadID=1 _ThreadName=main] [timeMillis: 1510662428012] [levelValue: 800] [[
  SEC1115: Realm [file] of classtype [com.sun.enterprise.security.auth.realm.file.FileRealm] successfully created.]]

[2017-11-14T13:27:08.018+0100] [glassfish 4.0] [INFO] [realm.loaded.successfully] [javax.enterprise.system.core.security.com.sun.enterprise.security.auth.realm] [tid: _ThreadID=1 _ThreadName=main] [timeMillis: 1510662428018] [levelValue: 800] [[
  SEC1115: Realm [certificate] of classtype [com.sun.enterprise.security.auth.realm.certificate.CertificateRealm] successfully created.]]

[2017-11-14T13:27:08.240+0100] [glassfish 4.0] [INFO] [] [javax.enterprise.system.core] [tid: _ThreadID=1 _ThreadName=main] [timeMillis: 1510662428240] [levelValue: 800] [[
  Grizzly Framework 2.3.1 started in: 13ms - bound to [/0.0.0.0:8.080]]]

[2017-11-14T13:27:08.286+0100] [glassfish 4.0] [INFO] [] [javax.enterprise.system.core] [tid: _ThreadID=1 _ThreadName=main] [timeMillis: 1510662428286] [levelValue: 800] [[
  Grizzly Framework 2.3.1 started in: 0ms - bound to [/0.0.0.0:8.181]]]

[2017-11-14T13:27:08.293+0100] [glassfish 4.0] [INFO] [] [javax.enterprise.system.core] [tid: _ThreadID=1 _ThreadName=main] [timeMillis: 1510662428293] [levelValue: 800] [[
  Grizzly Framework 2.3.1 started in: 1ms - bound to [/0.0.0.0:4.848]]]

[2017-11-14T13:27:08.357+0100] [glassfish 4.0] [INFO] [] [javax.enterprise.system.core.security.org.glassfish.security.services.impl.authorization] [tid: _ThreadID=1 _ThreadName=main] [timeMillis: 1510662428357] [levelValue: 800] [[
  Authorization Service has successfully initialized.]]

[2017-11-14T13:27:08.381+0100] [glassfish 4.0] [INFO] [] [org.glassfish.ha.store.spi.BackingStoreFactoryRegistry] [tid: _ThreadID=1 _ThreadName=main] [timeMillis: 1510662428381] [levelValue: 800] [[
  Registered org.glassfish.ha.store.adapter.cache.ShoalBackingStoreProxy for persistence-type = replicated in BackingStoreFactoryRegistry]]

[2017-11-14T13:27:08.395+0100] [glassfish 4.0] [INFO] [] [javax.enterprise.system.core] [tid: _ThreadID=1 _ThreadName=main] [timeMillis: 1510662428395] [levelValue: 800] [[
  Grizzly Framework 2.3.1 started in: 0ms - bound to [/0.0.0.0:3.700]]]

[2017-11-14T13:27:08.650+0100] [glassfish 4.0] [INFO] [NCLS-CORE-00017] [javax.enterprise.system.core] [tid: _ThreadID=1 _ThreadName=main] [timeMillis: 1510662428650] [levelValue: 800] [[
  GlassFish Server Open Source Edition  4.0  (89) startup time : Felix (1.736ms), startup services(803ms), total(2.539ms)]]

[2017-11-14T13:27:08.707+0100] [glassfish 4.0] [INFO] [] [org.hibernate.validator.internal.util.Version] [tid: _ThreadID=51 _ThreadName=pool-4-thread-2] [timeMillis: 1510662428707] [levelValue: 800] [[
  HV000001: Hibernate Validator 5.0.0.Final]]

[2017-11-14T13:27:08.830+0100] [glassfish 4.0] [INFO] [] [org.glassfish.jersey.server.ApplicationHandler] [tid: _ThreadID=50 _ThreadName=pool-4-thread-1] [timeMillis: 1510662428830] [levelValue: 800] [[
  Initiating Jersey application, version Jersey: 2.0 2013-05-03 14:50:15...]]

[2017-11-14T13:27:08.861+0100] [glassfish 4.0] [INFO] [] [javax.enterprise.system.core] [tid: _ThreadID=1 _ThreadName=main] [timeMillis: 1510662428861] [levelValue: 800] [[
  Grizzly Framework 2.3.1 started in: 1ms - bound to [/0.0.0.0:7.676]]]

[2017-11-14T13:27:09.085+0100] [glassfish 4.0] [INFO] [NCLS-BOOTSTRAP-00027] [javax.enterprise.bootstrap] [tid: _ThreadID=1 _ThreadName=main] [timeMillis: 1510662429085] [levelValue: 800] [[
  Registered com.sun.enterprise.glassfish.bootstrap.osgi.EmbeddedOSGiGlassFishImpl@6a094db2 as OSGi service registration: org.apache.felix.framework.ServiceRegistrationImpl@14b789f6.]]

[2017-11-14T13:27:09.293+0100] [glassfish 4.0] [INFO] [NCLS-JMX-00005] [javax.enterprise.system.jmx] [tid: _ThreadID=63 _ThreadName=Thread-10] [timeMillis: 1510662429293] [levelValue: 800] [[
  JMXStartupService has started JMXConnector on JMXService URL service:jmx:rmi://Henri-Desktop:8686/jndi/rmi://Henri-Desktop:8686/jmxrmi]]

[2017-11-14T13:35:34.488+0100] [glassfish 4.0] [INFO] [] [javax.enterprise.system.tools.deployment.common] [tid: _ThreadID=35 _ThreadName=admin-listener(3)] [timeMillis: 1510662934488] [levelValue: 800] [[
  visiting unvisited references]]

[2017-11-14T13:35:34.807+0100] [glassfish 4.0] [INFO] [] [javax.enterprise.system.tools.deployment.common] [tid: _ThreadID=35 _ThreadName=admin-listener(3)] [timeMillis: 1510662934807] [levelValue: 800] [[
  visiting unvisited references]]

[2017-11-14T13:35:35.076+0100] [glassfish 4.0] [SEVERE] [java_security.expired_certificate] [javax.enterprise.system.ssl.security.com.sun.enterprise.security.ssl.impl] [tid: _ThreadID=35 _ThreadName=admin-listener(3)] [timeMillis: 1510662935076] [levelValue: 1000] [[
  SEC5054: Certificate has expired: [
[
  Version: V3
  Subject: CN=GTE CyberTrust Root 5, OU="GTE CyberTrust Solutions, Inc.", O=GTE Corporation, C=US
  Signature Algorithm: SHA1withRSA, OID = 1.2.840.113549.1.1.5

  Key:  Sun RSA public key, 2048 bits
  modulus: 23741889829347261660812437366387754385443431973861114865490414153884050331745811968523116847625570146592736935209718565296053386842135985534863157983128812774162998053673746470782252407673402238146869994438729551246768368782318393878374421033907597162218758024581735139682087126982809511479059100617027892880227587855877479432885604404402435662802390484099065871430585284534529627347717530352189612077130606642676951640071336717026459037542552927905851171460589361570392199748753414855675665635003335769915908187224347232807336022456537328962095005323382940080676931822787496212635993279098588863972868266229522169377
  public exponent: 65537
  Validity: [From: Fri Aug 14 16:50:00 CEST 1998,
               To: Thu Aug 15 01:59:00 CEST 2013]
  Issuer: CN=GTE CyberTrust Root 5, OU="GTE CyberTrust Solutions, Inc.", O=GTE Corporation, C=US
  SerialNumber: [    01b6]

Certificate Extensions: 4
[1]: ObjectId: 2.5.29.19 Criticality=true
BasicConstraints:[
  CA:true
  PathLen:5
]

[2]: ObjectId: 2.5.29.32 Criticality=false
CertificatePolicies [
  [CertificatePolicyId: [1.2.840.113763.1.2.1.3]
[]  ]
]

[3]: ObjectId: 2.5.29.15 Criticality=true
KeyUsage [
  Key_CertSign
  Crl_Sign
]

[4]: ObjectId: 2.5.29.14 Criticality=false
SubjectKeyIdentifier [
KeyIdentifier [
0000: 76 0A 49 21 38 4C 9F DE   F8 C4 49 C7 71 71 91 9D  v.I!8L....I.qq..
]
]

]
  Algorithm: [SHA1withRSA]
  Signature:
0000: 41 3A D4 18 5B DA B8 DE   21 1C E1 8E 09 E5 F1 68  A:..[...!......h
0010: 34 FF DE 96 F4 07 F5 A7   3C F3 AC 4A B1 9B FA 92  4.......<..J....
0020: FA 9B ED E6 32 21 AA 4A   76 C5 DC 4F 38 E5 DF D5  ....2!.Jv..O8...
0030: 86 E4 D5 C8 76 7D 98 D7   B1 CD 8F 4D B5 91 23 6C  ....v......M..#l
0040: 8B 8A EB EA 7C EF 14 94   C4 C6 F0 1F 4A 2D 32 71  ............J-2q
0050: 63 2B 63 91 26 02 09 B6   80 1D ED E2 CC B8 7F DB  c+c.&...........
0060: 87 63 C8 E1 D0 6C 26 B1   35 1D 40 66 10 1B CD 95  .c...l&.5.@f....
0070: 54 18 33 61 EC 13 4F DA   13 F7 99 AF 3E D0 CF 8E  T.3a..O.....>...
0080: A6 72 A2 B3 C3 05 9A C9   27 7D 92 CC 7E 52 8D B3  .r......'....R..
0090: AB 70 6D 9E 89 9F 4D EB   1A 75 C2 98 AA D5 02 16  .pm...M..u......
00A0: D7 0C 8A BF 25 E4 EB 2D   BC 98 E9 58 38 19 7C B9  ....%..-...X8...
00B0: 37 FE DB E2 99 08 73 06   C7 97 83 6A 7D 10 01 2F  7.....s....j.../
00C0: 32 B9 17 05 4A 65 E6 2F   CE BE 5E 53 A6 82 E9 9A  2...Je./..^S....
00D0: 53 0A 84 74 2D 83 CA C8   94 16 76 5F 94 61 28 F0  S..t-.....v_.a(.
00E0: 85 A7 39 BB D7 8B D9 A8   B2 13 1D 54 09 34 24 7D  ..9........T.4$.
00F0: 20 81 7D 66 7E A2 90 74   5C 10 C6 BD EC AB 1B C2   ..f...t\.......

]]]

[2017-11-14T13:35:35.092+0100] [glassfish 4.0] [INFO] [security.secmgroff] [javax.enterprise.system.core.security.com.sun.enterprise.security] [tid: _ThreadID=35 _ThreadName=admin-listener(3)] [timeMillis: 1510662935092] [levelValue: 800] [[
  SEC1002: Security Manager is OFF.]]

[2017-11-14T13:35:35.092+0100] [glassfish 4.0] [INFO] [sec.service.startup.enter] [javax.enterprise.system.core.security.com.sun.enterprise.security] [tid: _ThreadID=35 _ThreadName=admin-listener(3)] [timeMillis: 1510662935092] [levelValue: 800] [[
  SEC1010: Entering Security Startup Service]]

[2017-11-14T13:35:35.094+0100] [glassfish 4.0] [INFO] [policy.loading] [javax.enterprise.system.core.security.com.sun.enterprise.security] [tid: _ThreadID=35 _ThreadName=admin-listener(3)] [timeMillis: 1510662935094] [levelValue: 800] [[
  SEC1143: Loading policy provider com.sun.enterprise.security.provider.PolicyWrapper.]]

[2017-11-14T13:35:35.151+0100] [glassfish 4.0] [INFO] [sec.service.startup.exit] [javax.enterprise.system.core.security.com.sun.enterprise.security] [tid: _ThreadID=35 _ThreadName=admin-listener(3)] [timeMillis: 1510662935151] [levelValue: 800] [[
  SEC1011: Security Service(s) Started Successfully]]

[2017-11-14T13:35:35.378+0100] [glassfish 4.0] [SEVERE] [java_security.expired_certificate] [javax.enterprise.system.ssl.security.com.sun.enterprise.security.ssl.impl] [tid: _ThreadID=35 _ThreadName=admin-listener(3)] [timeMillis: 1510662935378] [levelValue: 1000] [[
  SEC5054: Certificate has expired: [
[
  Version: V3
  Subject: CN=GTE CyberTrust Root 5, OU="GTE CyberTrust Solutions, Inc.", O=GTE Corporation, C=US
  Signature Algorithm: SHA1withRSA, OID = 1.2.840.113549.1.1.5

  Key:  Sun RSA public key, 2048 bits
  modulus: 23741889829347261660812437366387754385443431973861114865490414153884050331745811968523116847625570146592736935209718565296053386842135985534863157983128812774162998053673746470782252407673402238146869994438729551246768368782318393878374421033907597162218758024581735139682087126982809511479059100617027892880227587855877479432885604404402435662802390484099065871430585284534529627347717530352189612077130606642676951640071336717026459037542552927905851171460589361570392199748753414855675665635003335769915908187224347232807336022456537328962095005323382940080676931822787496212635993279098588863972868266229522169377
  public exponent: 65537
  Validity: [From: Fri Aug 14 16:50:00 CEST 1998,
               To: Thu Aug 15 01:59:00 CEST 2013]
  Issuer: CN=GTE CyberTrust Root 5, OU="GTE CyberTrust Solutions, Inc.", O=GTE Corporation, C=US
  SerialNumber: [    01b6]

Certificate Extensions: 4
[1]: ObjectId: 2.5.29.19 Criticality=true
BasicConstraints:[
  CA:true
  PathLen:5
]

[2]: ObjectId: 2.5.29.32 Criticality=false
CertificatePolicies [
  [CertificatePolicyId: [1.2.840.113763.1.2.1.3]
[]  ]
]

[3]: ObjectId: 2.5.29.15 Criticality=true
KeyUsage [
  Key_CertSign
  Crl_Sign
]

[4]: ObjectId: 2.5.29.14 Criticality=false
SubjectKeyIdentifier [
KeyIdentifier [
0000: 76 0A 49 21 38 4C 9F DE   F8 C4 49 C7 71 71 91 9D  v.I!8L....I.qq..
]
]

]
  Algorithm: [SHA1withRSA]
  Signature:
0000: 41 3A D4 18 5B DA B8 DE   21 1C E1 8E 09 E5 F1 68  A:..[...!......h
0010: 34 FF DE 96 F4 07 F5 A7   3C F3 AC 4A B1 9B FA 92  4.......<..J....
0020: FA 9B ED E6 32 21 AA 4A   76 C5 DC 4F 38 E5 DF D5  ....2!.Jv..O8...
0030: 86 E4 D5 C8 76 7D 98 D7   B1 CD 8F 4D B5 91 23 6C  ....v......M..#l
0040: 8B 8A EB EA 7C EF 14 94   C4 C6 F0 1F 4A 2D 32 71  ............J-2q
0050: 63 2B 63 91 26 02 09 B6   80 1D ED E2 CC B8 7F DB  c+c.&...........
0060: 87 63 C8 E1 D0 6C 26 B1   35 1D 40 66 10 1B CD 95  .c...l&.5.@f....
0070: 54 18 33 61 EC 13 4F DA   13 F7 99 AF 3E D0 CF 8E  T.3a..O.....>...
0080: A6 72 A2 B3 C3 05 9A C9   27 7D 92 CC 7E 52 8D B3  .r......'....R..
0090: AB 70 6D 9E 89 9F 4D EB   1A 75 C2 98 AA D5 02 16  .pm...M..u......
00A0: D7 0C 8A BF 25 E4 EB 2D   BC 98 E9 58 38 19 7C B9  ....%..-...X8...
00B0: 37 FE DB E2 99 08 73 06   C7 97 83 6A 7D 10 01 2F  7.....s....j.../
00C0: 32 B9 17 05 4A 65 E6 2F   CE BE 5E 53 A6 82 E9 9A  2...Je./..^S....
00D0: 53 0A 84 74 2D 83 CA C8   94 16 76 5F 94 61 28 F0  S..t-.....v_.a(.
00E0: 85 A7 39 BB D7 8B D9 A8   B2 13 1D 54 09 34 24 7D  ..9........T.4$.
00F0: 20 81 7D 66 7E A2 90 74   5C 10 C6 BD EC AB 1B C2   ..f...t\.......

]]]

[2017-11-14T13:35:35.381+0100] [glassfish 4.0] [SEVERE] [java_security.expired_certificate] [javax.enterprise.system.ssl.security.com.sun.enterprise.security.ssl.impl] [tid: _ThreadID=35 _ThreadName=admin-listener(3)] [timeMillis: 1510662935381] [levelValue: 1000] [[
  SEC5054: Certificate has expired: [
[
  Version: V3
  Subject: CN=GTE CyberTrust Root 5, OU="GTE CyberTrust Solutions, Inc.", O=GTE Corporation, C=US
  Signature Algorithm: SHA1withRSA, OID = 1.2.840.113549.1.1.5

  Key:  Sun RSA public key, 2048 bits
  modulus: 23741889829347261660812437366387754385443431973861114865490414153884050331745811968523116847625570146592736935209718565296053386842135985534863157983128812774162998053673746470782252407673402238146869994438729551246768368782318393878374421033907597162218758024581735139682087126982809511479059100617027892880227587855877479432885604404402435662802390484099065871430585284534529627347717530352189612077130606642676951640071336717026459037542552927905851171460589361570392199748753414855675665635003335769915908187224347232807336022456537328962095005323382940080676931822787496212635993279098588863972868266229522169377
  public exponent: 65537
  Validity: [From: Fri Aug 14 16:50:00 CEST 1998,
               To: Thu Aug 15 01:59:00 CEST 2013]
  Issuer: CN=GTE CyberTrust Root 5, OU="GTE CyberTrust Solutions, Inc.", O=GTE Corporation, C=US
  SerialNumber: [    01b6]

Certificate Extensions: 4
[1]: ObjectId: 2.5.29.19 Criticality=true
BasicConstraints:[
  CA:true
  PathLen:5
]

[2]: ObjectId: 2.5.29.32 Criticality=false
CertificatePolicies [
  [CertificatePolicyId: [1.2.840.113763.1.2.1.3]
[]  ]
]

[3]: ObjectId: 2.5.29.15 Criticality=true
KeyUsage [
  Key_CertSign
  Crl_Sign
]

[4]: ObjectId: 2.5.29.14 Criticality=false
SubjectKeyIdentifier [
KeyIdentifier [
0000: 76 0A 49 21 38 4C 9F DE   F8 C4 49 C7 71 71 91 9D  v.I!8L....I.qq..
]
]

]
  Algorithm: [SHA1withRSA]
  Signature:
0000: 41 3A D4 18 5B DA B8 DE   21 1C E1 8E 09 E5 F1 68  A:..[...!......h
0010: 34 FF DE 96 F4 07 F5 A7   3C F3 AC 4A B1 9B FA 92  4.......<..J....
0020: FA 9B ED E6 32 21 AA 4A   76 C5 DC 4F 38 E5 DF D5  ....2!.Jv..O8...
0030: 86 E4 D5 C8 76 7D 98 D7   B1 CD 8F 4D B5 91 23 6C  ....v......M..#l
0040: 8B 8A EB EA 7C EF 14 94   C4 C6 F0 1F 4A 2D 32 71  ............J-2q
0050: 63 2B 63 91 26 02 09 B6   80 1D ED E2 CC B8 7F DB  c+c.&...........
0060: 87 63 C8 E1 D0 6C 26 B1   35 1D 40 66 10 1B CD 95  .c...l&.5.@f....
0070: 54 18 33 61 EC 13 4F DA   13 F7 99 AF 3E D0 CF 8E  T.3a..O.....>...
0080: A6 72 A2 B3 C3 05 9A C9   27 7D 92 CC 7E 52 8D B3  .r......'....R..
0090: AB 70 6D 9E 89 9F 4D EB   1A 75 C2 98 AA D5 02 16  .pm...M..u......
00A0: D7 0C 8A BF 25 E4 EB 2D   BC 98 E9 58 38 19 7C B9  ....%..-...X8...
00B0: 37 FE DB E2 99 08 73 06   C7 97 83 6A 7D 10 01 2F  7.....s....j.../
00C0: 32 B9 17 05 4A 65 E6 2F   CE BE 5E 53 A6 82 E9 9A  2...Je./..^S....
00D0: 53 0A 84 74 2D 83 CA C8   94 16 76 5F 94 61 28 F0  S..t-.....v_.a(.
00E0: 85 A7 39 BB D7 8B D9 A8   B2 13 1D 54 09 34 24 7D  ..9........T.4$.
00F0: 20 81 7D 66 7E A2 90 74   5C 10 C6 BD EC AB 1B C2   ..f...t\.......

]]]

[2017-11-14T13:35:35.384+0100] [glassfish 4.0] [SEVERE] [java_security.expired_certificate] [javax.enterprise.system.ssl.security.com.sun.enterprise.security.ssl.impl] [tid: _ThreadID=35 _ThreadName=admin-listener(3)] [timeMillis: 1510662935384] [levelValue: 1000] [[
  SEC5054: Certificate has expired: [
[
  Version: V3
  Subject: CN=GTE CyberTrust Root 5, OU="GTE CyberTrust Solutions, Inc.", O=GTE Corporation, C=US
  Signature Algorithm: SHA1withRSA, OID = 1.2.840.113549.1.1.5

  Key:  Sun RSA public key, 2048 bits
  modulus: 23741889829347261660812437366387754385443431973861114865490414153884050331745811968523116847625570146592736935209718565296053386842135985534863157983128812774162998053673746470782252407673402238146869994438729551246768368782318393878374421033907597162218758024581735139682087126982809511479059100617027892880227587855877479432885604404402435662802390484099065871430585284534529627347717530352189612077130606642676951640071336717026459037542552927905851171460589361570392199748753414855675665635003335769915908187224347232807336022456537328962095005323382940080676931822787496212635993279098588863972868266229522169377
  public exponent: 65537
  Validity: [From: Fri Aug 14 16:50:00 CEST 1998,
               To: Thu Aug 15 01:59:00 CEST 2013]
  Issuer: CN=GTE CyberTrust Root 5, OU="GTE CyberTrust Solutions, Inc.", O=GTE Corporation, C=US
  SerialNumber: [    01b6]

Certificate Extensions: 4
[1]: ObjectId: 2.5.29.19 Criticality=true
BasicConstraints:[
  CA:true
  PathLen:5
]

[2]: ObjectId: 2.5.29.32 Criticality=false
CertificatePolicies [
  [CertificatePolicyId: [1.2.840.113763.1.2.1.3]
[]  ]
]

[3]: ObjectId: 2.5.29.15 Criticality=true
KeyUsage [
  Key_CertSign
  Crl_Sign
]

[4]: ObjectId: 2.5.29.14 Criticality=false
SubjectKeyIdentifier [
KeyIdentifier [
0000: 76 0A 49 21 38 4C 9F DE   F8 C4 49 C7 71 71 91 9D  v.I!8L....I.qq..
]
]

]
  Algorithm: [SHA1withRSA]
  Signature:
0000: 41 3A D4 18 5B DA B8 DE   21 1C E1 8E 09 E5 F1 68  A:..[...!......h
0010: 34 FF DE 96 F4 07 F5 A7   3C F3 AC 4A B1 9B FA 92  4.......<..J....
0020: FA 9B ED E6 32 21 AA 4A   76 C5 DC 4F 38 E5 DF D5  ....2!.Jv..O8...
0030: 86 E4 D5 C8 76 7D 98 D7   B1 CD 8F 4D B5 91 23 6C  ....v......M..#l
0040: 8B 8A EB EA 7C EF 14 94   C4 C6 F0 1F 4A 2D 32 71  ............J-2q
0050: 63 2B 63 91 26 02 09 B6   80 1D ED E2 CC B8 7F DB  c+c.&...........
0060: 87 63 C8 E1 D0 6C 26 B1   35 1D 40 66 10 1B CD 95  .c...l&.5.@f....
0070: 54 18 33 61 EC 13 4F DA   13 F7 99 AF 3E D0 CF 8E  T.3a..O.....>...
0080: A6 72 A2 B3 C3 05 9A C9   27 7D 92 CC 7E 52 8D B3  .r......'....R..
0090: AB 70 6D 9E 89 9F 4D EB   1A 75 C2 98 AA D5 02 16  .pm...M..u......
00A0: D7 0C 8A BF 25 E4 EB 2D   BC 98 E9 58 38 19 7C B9  ....%..-...X8...
00B0: 37 FE DB E2 99 08 73 06   C7 97 83 6A 7D 10 01 2F  7.....s....j.../
00C0: 32 B9 17 05 4A 65 E6 2F   CE BE 5E 53 A6 82 E9 9A  2...Je./..^S....
00D0: 53 0A 84 74 2D 83 CA C8   94 16 76 5F 94 61 28 F0  S..t-.....v_.a(.
00E0: 85 A7 39 BB D7 8B D9 A8   B2 13 1D 54 09 34 24 7D  ..9........T.4$.
00F0: 20 81 7D 66 7E A2 90 74   5C 10 C6 BD EC AB 1B C2   ..f...t\.......

]]]

[2017-11-14T13:35:36.712+0100] [glassfish 4.0] [INFO] [jts.startup_msg] [javax.enterprise.system.core.transaction.com.sun.jts.CosTransactions] [tid: _ThreadID=35 _ThreadName=admin-listener(3)] [timeMillis: 1510662936712] [levelValue: 800] [[
  JTS5014: Recoverable JTS instance, serverId = [3700]]]

[2017-11-14T13:35:37.037+0100] [glassfish 4.0] [INFO] [ejb.portable_jndi_names] [javax.enterprise.system.container.ejb.com.sun.ejb.containers] [tid: _ThreadID=35 _ThreadName=admin-listener(3)] [timeMillis: 1510662937037] [levelValue: 800] [[
  EJB5181:Portable JNDI names for EJB WelcomeBean: [java:global/WelcomeClient-ear/WelcomeClient-ejb/WelcomeBean!de.fh_dortmund.inf.cw.welcome.server.beans.interfaces.WelcomeLocal, java:global/WelcomeClient-ear/WelcomeClient-ejb/WelcomeBean!de.fh_dortmund.inf.cw.welcome.server.beans.interfaces.WelcomeRemote]]]

[2017-11-14T13:35:37.037+0100] [glassfish 4.0] [INFO] [ejb.glassfish_specific_jndi_names] [javax.enterprise.system.container.ejb.com.sun.ejb.containers] [tid: _ThreadID=35 _ThreadName=admin-listener(3)] [timeMillis: 1510662937037] [levelValue: 800] [[
  EJB5182:Glassfish-specific (Non-portable) JNDI names for EJB WelcomeBean: [de.fh_dortmund.inf.cw.welcome.server.beans.interfaces.WelcomeRemote#de.fh_dortmund.inf.cw.welcome.server.beans.interfaces.WelcomeRemote, de.fh_dortmund.inf.cw.welcome.server.beans.interfaces.WelcomeRemote]]]

[2017-11-14T13:35:37.617+0100] [glassfish 4.0] [INFO] [] [org.jboss.weld.Version] [tid: _ThreadID=35 _ThreadName=admin-listener(3)] [timeMillis: 1510662937617] [levelValue: 800] [[
  WELD-000900 2.0.0 (SP1)]]

[2017-11-14T13:35:38.127+0100] [glassfish 4.0] [WARNING] [] [org.jboss.weld.interceptor.util.InterceptionTypeRegistry] [tid: _ThreadID=35 _ThreadName=admin-listener(3)] [timeMillis: 1510662938127] [levelValue: 900] [[
  Class 'javax.ejb.PostActivate' not found, interception based on it is not enabled]]

[2017-11-14T13:35:38.128+0100] [glassfish 4.0] [WARNING] [] [org.jboss.weld.interceptor.util.InterceptionTypeRegistry] [tid: _ThreadID=35 _ThreadName=admin-listener(3)] [timeMillis: 1510662938128] [levelValue: 900] [[
  Class 'javax.ejb.PrePassivate' not found, interception based on it is not enabled]]

[2017-11-14T13:35:38.508+0100] [glassfish 4.0] [INFO] [] [javax.enterprise.system.core] [tid: _ThreadID=35 _ThreadName=admin-listener(3)] [timeMillis: 1510662938508] [levelValue: 800] [[
  WelcomeClient-ear wurde erfolgreich bereitgestellt in 4.153 Millisekunden.]]

[2017-11-14T13:46:24.253+0100] [glassfish 4.0] [INFO] [] [javax.enterprise.system.tools.deployment.common] [tid: _ThreadID=84 _ThreadName=admin-listener(6)] [timeMillis: 1510663584253] [levelValue: 800] [[
  visiting unvisited references]]

[2017-11-14T13:46:24.319+0100] [glassfish 4.0] [INFO] [] [javax.enterprise.system.tools.deployment.common] [tid: _ThreadID=84 _ThreadName=admin-listener(6)] [timeMillis: 1510663584319] [levelValue: 800] [[
  visiting unvisited references]]

[2017-11-14T13:46:24.322+0100] [glassfish 4.0] [SEVERE] [] [javax.enterprise.system.core] [tid: _ThreadID=84 _ThreadName=admin-listener(6)] [timeMillis: 1510663584322] [levelValue: 1000] [[
  Exception while deploying the app [autofinanzierungEAR]]]

[2017-11-14T13:46:24.322+0100] [glassfish 4.0] [SEVERE] [NCLS-CORE-00026] [javax.enterprise.system.core] [tid: _ThreadID=84 _ThreadName=admin-listener(6)] [timeMillis: 1510663584322] [levelValue: 1000] [[
  Exception during lifecycle processing
java.lang.IllegalArgumentException: Invalid ejb jar autofinanzierung.jar: it contains zero ejb. A valid ejb jar requires at least one session/entity/message driven bean.
	at org.glassfish.ejb.deployment.util.EjbBundleValidator.accept(EjbBundleValidator.java:147)
	at org.glassfish.ejb.deployment.util.EjbBundleValidator.accept(EjbBundleValidator.java:112)
	at com.sun.enterprise.deployment.BundleDescriptor.visit(BundleDescriptor.java:621)
	at org.glassfish.ejb.deployment.descriptor.EjbBundleDescriptorImpl.visit(EjbBundleDescriptorImpl.java:757)
	at com.sun.enterprise.deployment.util.ApplicationValidator.accept(ApplicationValidator.java:116)
	at com.sun.enterprise.deployment.BundleDescriptor.visit(BundleDescriptor.java:621)
	at com.sun.enterprise.deployment.archivist.ApplicationArchivist.validate(ApplicationArchivist.java:703)
	at com.sun.enterprise.deployment.archivist.ApplicationArchivist.openWith(ApplicationArchivist.java:248)
	at com.sun.enterprise.deployment.archivist.ApplicationFactory.openWith(ApplicationFactory.java:232)
	at org.glassfish.javaee.core.deployment.DolProvider.processDOL(DolProvider.java:188)
	at org.glassfish.javaee.core.deployment.DolProvider.load(DolProvider.java:222)
	at org.glassfish.javaee.core.deployment.DolProvider.load(DolProvider.java:96)
	at com.sun.enterprise.v3.server.ApplicationLifecycle.loadDeployer(ApplicationLifecycle.java:878)
	at com.sun.enterprise.v3.server.ApplicationLifecycle.setupContainerInfos(ApplicationLifecycle.java:818)
	at com.sun.enterprise.v3.server.ApplicationLifecycle.deploy(ApplicationLifecycle.java:374)
	at com.sun.enterprise.v3.server.ApplicationLifecycle.deploy(ApplicationLifecycle.java:219)
	at org.glassfish.deployment.admin.DeployCommand.execute(DeployCommand.java:491)
	at com.sun.enterprise.v3.admin.CommandRunnerImpl$2$1.run(CommandRunnerImpl.java:527)
	at com.sun.enterprise.v3.admin.CommandRunnerImpl$2$1.run(CommandRunnerImpl.java:523)
	at java.security.AccessController.doPrivileged(Native Method)
	at javax.security.auth.Subject.doAs(Subject.java:360)
	at com.sun.enterprise.v3.admin.CommandRunnerImpl$2.execute(CommandRunnerImpl.java:522)
	at com.sun.enterprise.v3.admin.CommandRunnerImpl.doCommand(CommandRunnerImpl.java:546)
	at com.sun.enterprise.v3.admin.CommandRunnerImpl.doCommand(CommandRunnerImpl.java:1423)
	at com.sun.enterprise.v3.admin.CommandRunnerImpl.access$1500(CommandRunnerImpl.java:108)
	at com.sun.enterprise.v3.admin.CommandRunnerImpl$ExecutionContext.execute(CommandRunnerImpl.java:1762)
	at com.sun.enterprise.v3.admin.CommandRunnerImpl$ExecutionContext.execute(CommandRunnerImpl.java:1674)
	at com.sun.enterprise.v3.admin.AdminAdapter.doCommand(AdminAdapter.java:534)
	at com.sun.enterprise.v3.admin.AdminAdapter.onMissingResource(AdminAdapter.java:224)
	at org.glassfish.grizzly.http.server.StaticHttpHandler.service(StaticHttpHandler.java:297)
	at com.sun.enterprise.v3.services.impl.ContainerMapper.service(ContainerMapper.java:246)
	at org.glassfish.grizzly.http.server.HttpHandler.runService(HttpHandler.java:191)
	at org.glassfish.grizzly.http.server.HttpHandler.doHandle(HttpHandler.java:168)
	at org.glassfish.grizzly.http.server.HttpServerFilter.handleRead(HttpServerFilter.java:189)
	at org.glassfish.grizzly.filterchain.ExecutorResolver$9.execute(ExecutorResolver.java:119)
	at org.glassfish.grizzly.filterchain.DefaultFilterChain.executeFilter(DefaultFilterChain.java:288)
	at org.glassfish.grizzly.filterchain.DefaultFilterChain.executeChainPart(DefaultFilterChain.java:206)
	at org.glassfish.grizzly.filterchain.DefaultFilterChain.execute(DefaultFilterChain.java:136)
	at org.glassfish.grizzly.filterchain.DefaultFilterChain.process(DefaultFilterChain.java:114)
	at org.glassfish.grizzly.ProcessorExecutor.execute(ProcessorExecutor.java:77)
	at org.glassfish.grizzly.nio.transport.TCPNIOTransport.fireIOEvent(TCPNIOTransport.java:838)
	at org.glassfish.grizzly.strategies.AbstractIOStrategy.fireIOEvent(AbstractIOStrategy.java:113)
	at org.glassfish.grizzly.strategies.WorkerThreadIOStrategy.run0(WorkerThreadIOStrategy.java:115)
	at org.glassfish.grizzly.strategies.WorkerThreadIOStrategy.access$100(WorkerThreadIOStrategy.java:55)
	at org.glassfish.grizzly.strategies.WorkerThreadIOStrategy$WorkerThreadRunnable.run(WorkerThreadIOStrategy.java:135)
	at org.glassfish.grizzly.threadpool.AbstractThreadPool$Worker.doWork(AbstractThreadPool.java:564)
	at org.glassfish.grizzly.threadpool.AbstractThreadPool$Worker.run(AbstractThreadPool.java:544)
	at java.lang.Thread.run(Thread.java:748)
]]

[2017-11-14T13:46:24.326+0100] [glassfish 4.0] [SEVERE] [] [javax.enterprise.system.core] [tid: _ThreadID=84 _ThreadName=admin-listener(6)] [timeMillis: 1510663584326] [levelValue: 1000] [[
  Exception while deploying the app [autofinanzierungEAR] : Invalid ejb jar autofinanzierung.jar: it contains zero ejb. A valid ejb jar requires at least one session/entity/message driven bean.]]

[2017-11-14T13:54:54.244+0100] [glassfish 4.0] [INFO] [] [javax.enterprise.system.tools.deployment.common] [tid: _ThreadID=37 _ThreadName=admin-listener(5)] [timeMillis: 1510664094244] [levelValue: 800] [[
  visiting unvisited references]]

[2017-11-14T13:54:54.318+0100] [glassfish 4.0] [INFO] [] [javax.enterprise.system.tools.deployment.common] [tid: _ThreadID=37 _ThreadName=admin-listener(5)] [timeMillis: 1510664094318] [levelValue: 800] [[
  visiting unvisited references]]

[2017-11-14T13:54:54.407+0100] [glassfish 4.0] [INFO] [ejb.portable_jndi_names] [javax.enterprise.system.container.ejb.com.sun.ejb.containers] [tid: _ThreadID=37 _ThreadName=admin-listener(5)] [timeMillis: 1510664094407] [levelValue: 800] [[
  EJB5181:Portable JNDI names for EJB HelloWorldBean: [java:global/autofinanzierungEAR/autofinanzierung/HelloWorldBean!de.randomerror.autofinanzierung.Remote.HelloWorldRemote, java:global/autofinanzierungEAR/autofinanzierung/HelloWorldBean!de.randomerror.autofinanzierung.Local.HelloWorldLocal]]]

[2017-11-14T13:54:54.407+0100] [glassfish 4.0] [INFO] [ejb.glassfish_specific_jndi_names] [javax.enterprise.system.container.ejb.com.sun.ejb.containers] [tid: _ThreadID=37 _ThreadName=admin-listener(5)] [timeMillis: 1510664094407] [levelValue: 800] [[
  EJB5182:Glassfish-specific (Non-portable) JNDI names for EJB HelloWorldBean: [de.randomerror.autofinanzierung.Remote.HelloWorldRemote#de.randomerror.autofinanzierung.Remote.HelloWorldRemote, de.randomerror.autofinanzierung.Remote.HelloWorldRemote]]]

[2017-11-14T13:54:54.614+0100] [glassfish 4.0] [INFO] [] [javax.enterprise.system.core] [tid: _ThreadID=37 _ThreadName=admin-listener(5)] [timeMillis: 1510664094614] [levelValue: 800] [[
  autofinanzierungEAR wurde erfolgreich bereitgestellt in 383 Millisekunden.]]

[2017-11-18T12:24:22.078+0100] [glassfish 4.0] [INFO] [NCLS-LOGGING-00009] [javax.enterprise.logging] [tid: _ThreadID=1 _ThreadName=main] [timeMillis: 1511004262078] [levelValue: 800] [[
  Running GlassFish Version: GlassFish Server Open Source Edition  4.0  (build 89)]]

[2017-11-18T12:24:22.080+0100] [glassfish 4.0] [INFO] [NCLS-LOGGING-00010] [javax.enterprise.logging] [tid: _ThreadID=1 _ThreadName=main] [timeMillis: 1511004262080] [levelValue: 800] [[
  Server log file is using Formatter class: com.sun.enterprise.server.logging.ODLLogFormatter]]

[2017-11-18T12:24:22.208+0100] [glassfish 4.0] [INFO] [realm.loaded.successfully] [javax.enterprise.system.core.security.com.sun.enterprise.security.auth.realm] [tid: _ThreadID=1 _ThreadName=main] [timeMillis: 1511004262208] [levelValue: 800] [[
  SEC1115: Realm [admin-realm] of classtype [com.sun.enterprise.security.auth.realm.file.FileRealm] successfully created.]]

[2017-11-18T12:24:22.209+0100] [glassfish 4.0] [INFO] [realm.loaded.successfully] [javax.enterprise.system.core.security.com.sun.enterprise.security.auth.realm] [tid: _ThreadID=1 _ThreadName=main] [timeMillis: 1511004262209] [levelValue: 800] [[
  SEC1115: Realm [file] of classtype [com.sun.enterprise.security.auth.realm.file.FileRealm] successfully created.]]

[2017-11-18T12:24:22.214+0100] [glassfish 4.0] [INFO] [realm.loaded.successfully] [javax.enterprise.system.core.security.com.sun.enterprise.security.auth.realm] [tid: _ThreadID=1 _ThreadName=main] [timeMillis: 1511004262214] [levelValue: 800] [[
  SEC1115: Realm [certificate] of classtype [com.sun.enterprise.security.auth.realm.certificate.CertificateRealm] successfully created.]]

[2017-11-18T12:24:22.551+0100] [glassfish 4.0] [INFO] [] [javax.enterprise.system.core] [tid: _ThreadID=1 _ThreadName=main] [timeMillis: 1511004262551] [levelValue: 800] [[
  Grizzly Framework 2.3.1 started in: 42ms - bound to [/0.0.0.0:8.080]]]

[2017-11-18T12:24:22.585+0100] [glassfish 4.0] [INFO] [] [javax.enterprise.system.core] [tid: _ThreadID=1 _ThreadName=main] [timeMillis: 1511004262585] [levelValue: 800] [[
  Grizzly Framework 2.3.1 started in: 2ms - bound to [/0.0.0.0:8.181]]]

[2017-11-18T12:24:22.597+0100] [glassfish 4.0] [INFO] [] [javax.enterprise.system.core] [tid: _ThreadID=1 _ThreadName=main] [timeMillis: 1511004262597] [levelValue: 800] [[
  Grizzly Framework 2.3.1 started in: 1ms - bound to [/0.0.0.0:4.848]]]

[2017-11-18T12:24:22.692+0100] [glassfish 4.0] [INFO] [] [javax.enterprise.system.core.security.org.glassfish.security.services.impl.authorization] [tid: _ThreadID=1 _ThreadName=main] [timeMillis: 1511004262692] [levelValue: 800] [[
  Authorization Service has successfully initialized.]]

[2017-11-18T12:24:22.711+0100] [glassfish 4.0] [INFO] [] [org.glassfish.ha.store.spi.BackingStoreFactoryRegistry] [tid: _ThreadID=1 _ThreadName=main] [timeMillis: 1511004262711] [levelValue: 800] [[
  Registered org.glassfish.ha.store.adapter.cache.ShoalBackingStoreProxy for persistence-type = replicated in BackingStoreFactoryRegistry]]

[2017-11-18T12:24:22.729+0100] [glassfish 4.0] [INFO] [] [javax.enterprise.system.core] [tid: _ThreadID=1 _ThreadName=main] [timeMillis: 1511004262729] [levelValue: 800] [[
  Grizzly Framework 2.3.1 started in: 1ms - bound to [/0.0.0.0:3.700]]]

[2017-11-18T12:24:23.085+0100] [glassfish 4.0] [INFO] [] [javax.enterprise.system.tools.deployment.common] [tid: _ThreadID=1 _ThreadName=main] [timeMillis: 1511004263085] [levelValue: 800] [[
  visiting unvisited references]]

[2017-11-18T12:24:23.520+0100] [glassfish 4.0] [INFO] [] [javax.enterprise.system.tools.deployment.common] [tid: _ThreadID=1 _ThreadName=main] [timeMillis: 1511004263520] [levelValue: 800] [[
  visiting unvisited references]]

[2017-11-18T12:24:23.818+0100] [glassfish 4.0] [SEVERE] [java_security.expired_certificate] [javax.enterprise.system.ssl.security.com.sun.enterprise.security.ssl.impl] [tid: _ThreadID=1 _ThreadName=main] [timeMillis: 1511004263818] [levelValue: 1000] [[
  SEC5054: Certificate has expired: [
[
  Version: V3
  Subject: CN=GTE CyberTrust Root 5, OU="GTE CyberTrust Solutions, Inc.", O=GTE Corporation, C=US
  Signature Algorithm: SHA1withRSA, OID = 1.2.840.113549.1.1.5

  Key:  Sun RSA public key, 2048 bits
  modulus: 23741889829347261660812437366387754385443431973861114865490414153884050331745811968523116847625570146592736935209718565296053386842135985534863157983128812774162998053673746470782252407673402238146869994438729551246768368782318393878374421033907597162218758024581735139682087126982809511479059100617027892880227587855877479432885604404402435662802390484099065871430585284534529627347717530352189612077130606642676951640071336717026459037542552927905851171460589361570392199748753414855675665635003335769915908187224347232807336022456537328962095005323382940080676931822787496212635993279098588863972868266229522169377
  public exponent: 65537
  Validity: [From: Fri Aug 14 16:50:00 CEST 1998,
               To: Thu Aug 15 01:59:00 CEST 2013]
  Issuer: CN=GTE CyberTrust Root 5, OU="GTE CyberTrust Solutions, Inc.", O=GTE Corporation, C=US
  SerialNumber: [    01b6]

Certificate Extensions: 4
[1]: ObjectId: 2.5.29.19 Criticality=true
BasicConstraints:[
  CA:true
  PathLen:5
]

[2]: ObjectId: 2.5.29.32 Criticality=false
CertificatePolicies [
  [CertificatePolicyId: [1.2.840.113763.1.2.1.3]
[]  ]
]

[3]: ObjectId: 2.5.29.15 Criticality=true
KeyUsage [
  Key_CertSign
  Crl_Sign
]

[4]: ObjectId: 2.5.29.14 Criticality=false
SubjectKeyIdentifier [
KeyIdentifier [
0000: 76 0A 49 21 38 4C 9F DE   F8 C4 49 C7 71 71 91 9D  v.I!8L....I.qq..
]
]

]
  Algorithm: [SHA1withRSA]
  Signature:
0000: 41 3A D4 18 5B DA B8 DE   21 1C E1 8E 09 E5 F1 68  A:..[...!......h
0010: 34 FF DE 96 F4 07 F5 A7   3C F3 AC 4A B1 9B FA 92  4.......<..J....
0020: FA 9B ED E6 32 21 AA 4A   76 C5 DC 4F 38 E5 DF D5  ....2!.Jv..O8...
0030: 86 E4 D5 C8 76 7D 98 D7   B1 CD 8F 4D B5 91 23 6C  ....v......M..#l
0040: 8B 8A EB EA 7C EF 14 94   C4 C6 F0 1F 4A 2D 32 71  ............J-2q
0050: 63 2B 63 91 26 02 09 B6   80 1D ED E2 CC B8 7F DB  c+c.&...........
0060: 87 63 C8 E1 D0 6C 26 B1   35 1D 40 66 10 1B CD 95  .c...l&.5.@f....
0070: 54 18 33 61 EC 13 4F DA   13 F7 99 AF 3E D0 CF 8E  T.3a..O.....>...
0080: A6 72 A2 B3 C3 05 9A C9   27 7D 92 CC 7E 52 8D B3  .r......'....R..
0090: AB 70 6D 9E 89 9F 4D EB   1A 75 C2 98 AA D5 02 16  .pm...M..u......
00A0: D7 0C 8A BF 25 E4 EB 2D   BC 98 E9 58 38 19 7C B9  ....%..-...X8...
00B0: 37 FE DB E2 99 08 73 06   C7 97 83 6A 7D 10 01 2F  7.....s....j.../
00C0: 32 B9 17 05 4A 65 E6 2F   CE BE 5E 53 A6 82 E9 9A  2...Je./..^S....
00D0: 53 0A 84 74 2D 83 CA C8   94 16 76 5F 94 61 28 F0  S..t-.....v_.a(.
00E0: 85 A7 39 BB D7 8B D9 A8   B2 13 1D 54 09 34 24 7D  ..9........T.4$.
00F0: 20 81 7D 66 7E A2 90 74   5C 10 C6 BD EC AB 1B C2   ..f...t\.......

]]]

[2017-11-18T12:24:23.836+0100] [glassfish 4.0] [INFO] [security.secmgroff] [javax.enterprise.system.core.security.com.sun.enterprise.security] [tid: _ThreadID=1 _ThreadName=main] [timeMillis: 1511004263836] [levelValue: 800] [[
  SEC1002: Security Manager is OFF.]]

[2017-11-18T12:24:23.837+0100] [glassfish 4.0] [INFO] [sec.service.startup.enter] [javax.enterprise.system.core.security.com.sun.enterprise.security] [tid: _ThreadID=1 _ThreadName=main] [timeMillis: 1511004263837] [levelValue: 800] [[
  SEC1010: Entering Security Startup Service]]

[2017-11-18T12:24:23.839+0100] [glassfish 4.0] [INFO] [policy.loading] [javax.enterprise.system.core.security.com.sun.enterprise.security] [tid: _ThreadID=1 _ThreadName=main] [timeMillis: 1511004263839] [levelValue: 800] [[
  SEC1143: Loading policy provider com.sun.enterprise.security.provider.PolicyWrapper.]]

[2017-11-18T12:24:23.879+0100] [glassfish 4.0] [INFO] [sec.service.startup.exit] [javax.enterprise.system.core.security.com.sun.enterprise.security] [tid: _ThreadID=1 _ThreadName=main] [timeMillis: 1511004263879] [levelValue: 800] [[
  SEC1011: Security Service(s) Started Successfully]]

[2017-11-18T12:24:24.159+0100] [glassfish 4.0] [SEVERE] [java_security.expired_certificate] [javax.enterprise.system.ssl.security.com.sun.enterprise.security.ssl.impl] [tid: _ThreadID=1 _ThreadName=main] [timeMillis: 1511004264159] [levelValue: 1000] [[
  SEC5054: Certificate has expired: [
[
  Version: V3
  Subject: CN=GTE CyberTrust Root 5, OU="GTE CyberTrust Solutions, Inc.", O=GTE Corporation, C=US
  Signature Algorithm: SHA1withRSA, OID = 1.2.840.113549.1.1.5

  Key:  Sun RSA public key, 2048 bits
  modulus: 23741889829347261660812437366387754385443431973861114865490414153884050331745811968523116847625570146592736935209718565296053386842135985534863157983128812774162998053673746470782252407673402238146869994438729551246768368782318393878374421033907597162218758024581735139682087126982809511479059100617027892880227587855877479432885604404402435662802390484099065871430585284534529627347717530352189612077130606642676951640071336717026459037542552927905851171460589361570392199748753414855675665635003335769915908187224347232807336022456537328962095005323382940080676931822787496212635993279098588863972868266229522169377
  public exponent: 65537
  Validity: [From: Fri Aug 14 16:50:00 CEST 1998,
               To: Thu Aug 15 01:59:00 CEST 2013]
  Issuer: CN=GTE CyberTrust Root 5, OU="GTE CyberTrust Solutions, Inc.", O=GTE Corporation, C=US
  SerialNumber: [    01b6]

Certificate Extensions: 4
[1]: ObjectId: 2.5.29.19 Criticality=true
BasicConstraints:[
  CA:true
  PathLen:5
]

[2]: ObjectId: 2.5.29.32 Criticality=false
CertificatePolicies [
  [CertificatePolicyId: [1.2.840.113763.1.2.1.3]
[]  ]
]

[3]: ObjectId: 2.5.29.15 Criticality=true
KeyUsage [
  Key_CertSign
  Crl_Sign
]

[4]: ObjectId: 2.5.29.14 Criticality=false
SubjectKeyIdentifier [
KeyIdentifier [
0000: 76 0A 49 21 38 4C 9F DE   F8 C4 49 C7 71 71 91 9D  v.I!8L....I.qq..
]
]

]
  Algorithm: [SHA1withRSA]
  Signature:
0000: 41 3A D4 18 5B DA B8 DE   21 1C E1 8E 09 E5 F1 68  A:..[...!......h
0010: 34 FF DE 96 F4 07 F5 A7   3C F3 AC 4A B1 9B FA 92  4.......<..J....
0020: FA 9B ED E6 32 21 AA 4A   76 C5 DC 4F 38 E5 DF D5  ....2!.Jv..O8...
0030: 86 E4 D5 C8 76 7D 98 D7   B1 CD 8F 4D B5 91 23 6C  ....v......M..#l
0040: 8B 8A EB EA 7C EF 14 94   C4 C6 F0 1F 4A 2D 32 71  ............J-2q
0050: 63 2B 63 91 26 02 09 B6   80 1D ED E2 CC B8 7F DB  c+c.&...........
0060: 87 63 C8 E1 D0 6C 26 B1   35 1D 40 66 10 1B CD 95  .c...l&.5.@f....
0070: 54 18 33 61 EC 13 4F DA   13 F7 99 AF 3E D0 CF 8E  T.3a..O.....>...
0080: A6 72 A2 B3 C3 05 9A C9   27 7D 92 CC 7E 52 8D B3  .r......'....R..
0090: AB 70 6D 9E 89 9F 4D EB   1A 75 C2 98 AA D5 02 16  .pm...M..u......
00A0: D7 0C 8A BF 25 E4 EB 2D   BC 98 E9 58 38 19 7C B9  ....%..-...X8...
00B0: 37 FE DB E2 99 08 73 06   C7 97 83 6A 7D 10 01 2F  7.....s....j.../
00C0: 32 B9 17 05 4A 65 E6 2F   CE BE 5E 53 A6 82 E9 9A  2...Je./..^S....
00D0: 53 0A 84 74 2D 83 CA C8   94 16 76 5F 94 61 28 F0  S..t-.....v_.a(.
00E0: 85 A7 39 BB D7 8B D9 A8   B2 13 1D 54 09 34 24 7D  ..9........T.4$.
00F0: 20 81 7D 66 7E A2 90 74   5C 10 C6 BD EC AB 1B C2   ..f...t\.......

]]]

[2017-11-18T12:24:24.164+0100] [glassfish 4.0] [SEVERE] [java_security.expired_certificate] [javax.enterprise.system.ssl.security.com.sun.enterprise.security.ssl.impl] [tid: _ThreadID=1 _ThreadName=main] [timeMillis: 1511004264164] [levelValue: 1000] [[
  SEC5054: Certificate has expired: [
[
  Version: V3
  Subject: CN=GTE CyberTrust Root 5, OU="GTE CyberTrust Solutions, Inc.", O=GTE Corporation, C=US
  Signature Algorithm: SHA1withRSA, OID = 1.2.840.113549.1.1.5

  Key:  Sun RSA public key, 2048 bits
  modulus: 23741889829347261660812437366387754385443431973861114865490414153884050331745811968523116847625570146592736935209718565296053386842135985534863157983128812774162998053673746470782252407673402238146869994438729551246768368782318393878374421033907597162218758024581735139682087126982809511479059100617027892880227587855877479432885604404402435662802390484099065871430585284534529627347717530352189612077130606642676951640071336717026459037542552927905851171460589361570392199748753414855675665635003335769915908187224347232807336022456537328962095005323382940080676931822787496212635993279098588863972868266229522169377
  public exponent: 65537
  Validity: [From: Fri Aug 14 16:50:00 CEST 1998,
               To: Thu Aug 15 01:59:00 CEST 2013]
  Issuer: CN=GTE CyberTrust Root 5, OU="GTE CyberTrust Solutions, Inc.", O=GTE Corporation, C=US
  SerialNumber: [    01b6]

Certificate Extensions: 4
[1]: ObjectId: 2.5.29.19 Criticality=true
BasicConstraints:[
  CA:true
  PathLen:5
]

[2]: ObjectId: 2.5.29.32 Criticality=false
CertificatePolicies [
  [CertificatePolicyId: [1.2.840.113763.1.2.1.3]
[]  ]
]

[3]: ObjectId: 2.5.29.15 Criticality=true
KeyUsage [
  Key_CertSign
  Crl_Sign
]

[4]: ObjectId: 2.5.29.14 Criticality=false
SubjectKeyIdentifier [
KeyIdentifier [
0000: 76 0A 49 21 38 4C 9F DE   F8 C4 49 C7 71 71 91 9D  v.I!8L....I.qq..
]
]

]
  Algorithm: [SHA1withRSA]
  Signature:
0000: 41 3A D4 18 5B DA B8 DE   21 1C E1 8E 09 E5 F1 68  A:..[...!......h
0010: 34 FF DE 96 F4 07 F5 A7   3C F3 AC 4A B1 9B FA 92  4.......<..J....
0020: FA 9B ED E6 32 21 AA 4A   76 C5 DC 4F 38 E5 DF D5  ....2!.Jv..O8...
0030: 86 E4 D5 C8 76 7D 98 D7   B1 CD 8F 4D B5 91 23 6C  ....v......M..#l
0040: 8B 8A EB EA 7C EF 14 94   C4 C6 F0 1F 4A 2D 32 71  ............J-2q
0050: 63 2B 63 91 26 02 09 B6   80 1D ED E2 CC B8 7F DB  c+c.&...........
0060: 87 63 C8 E1 D0 6C 26 B1   35 1D 40 66 10 1B CD 95  .c...l&.5.@f....
0070: 54 18 33 61 EC 13 4F DA   13 F7 99 AF 3E D0 CF 8E  T.3a..O.....>...
0080: A6 72 A2 B3 C3 05 9A C9   27 7D 92 CC 7E 52 8D B3  .r......'....R..
0090: AB 70 6D 9E 89 9F 4D EB   1A 75 C2 98 AA D5 02 16  .pm...M..u......
00A0: D7 0C 8A BF 25 E4 EB 2D   BC 98 E9 58 38 19 7C B9  ....%..-...X8...
00B0: 37 FE DB E2 99 08 73 06   C7 97 83 6A 7D 10 01 2F  7.....s....j.../
00C0: 32 B9 17 05 4A 65 E6 2F   CE BE 5E 53 A6 82 E9 9A  2...Je./..^S....
00D0: 53 0A 84 74 2D 83 CA C8   94 16 76 5F 94 61 28 F0  S..t-.....v_.a(.
00E0: 85 A7 39 BB D7 8B D9 A8   B2 13 1D 54 09 34 24 7D  ..9........T.4$.
00F0: 20 81 7D 66 7E A2 90 74   5C 10 C6 BD EC AB 1B C2   ..f...t\.......

]]]

[2017-11-18T12:24:24.186+0100] [glassfish 4.0] [SEVERE] [java_security.expired_certificate] [javax.enterprise.system.ssl.security.com.sun.enterprise.security.ssl.impl] [tid: _ThreadID=1 _ThreadName=main] [timeMillis: 1511004264186] [levelValue: 1000] [[
  SEC5054: Certificate has expired: [
[
  Version: V3
  Subject: CN=GTE CyberTrust Root 5, OU="GTE CyberTrust Solutions, Inc.", O=GTE Corporation, C=US
  Signature Algorithm: SHA1withRSA, OID = 1.2.840.113549.1.1.5

  Key:  Sun RSA public key, 2048 bits
  modulus: 23741889829347261660812437366387754385443431973861114865490414153884050331745811968523116847625570146592736935209718565296053386842135985534863157983128812774162998053673746470782252407673402238146869994438729551246768368782318393878374421033907597162218758024581735139682087126982809511479059100617027892880227587855877479432885604404402435662802390484099065871430585284534529627347717530352189612077130606642676951640071336717026459037542552927905851171460589361570392199748753414855675665635003335769915908187224347232807336022456537328962095005323382940080676931822787496212635993279098588863972868266229522169377
  public exponent: 65537
  Validity: [From: Fri Aug 14 16:50:00 CEST 1998,
               To: Thu Aug 15 01:59:00 CEST 2013]
  Issuer: CN=GTE CyberTrust Root 5, OU="GTE CyberTrust Solutions, Inc.", O=GTE Corporation, C=US
  SerialNumber: [    01b6]

Certificate Extensions: 4
[1]: ObjectId: 2.5.29.19 Criticality=true
BasicConstraints:[
  CA:true
  PathLen:5
]

[2]: ObjectId: 2.5.29.32 Criticality=false
CertificatePolicies [
  [CertificatePolicyId: [1.2.840.113763.1.2.1.3]
[]  ]
]

[3]: ObjectId: 2.5.29.15 Criticality=true
KeyUsage [
  Key_CertSign
  Crl_Sign
]

[4]: ObjectId: 2.5.29.14 Criticality=false
SubjectKeyIdentifier [
KeyIdentifier [
0000: 76 0A 49 21 38 4C 9F DE   F8 C4 49 C7 71 71 91 9D  v.I!8L....I.qq..
]
]

]
  Algorithm: [SHA1withRSA]
  Signature:
0000: 41 3A D4 18 5B DA B8 DE   21 1C E1 8E 09 E5 F1 68  A:..[...!......h
0010: 34 FF DE 96 F4 07 F5 A7   3C F3 AC 4A B1 9B FA 92  4.......<..J....
0020: FA 9B ED E6 32 21 AA 4A   76 C5 DC 4F 38 E5 DF D5  ....2!.Jv..O8...
0030: 86 E4 D5 C8 76 7D 98 D7   B1 CD 8F 4D B5 91 23 6C  ....v......M..#l
0040: 8B 8A EB EA 7C EF 14 94   C4 C6 F0 1F 4A 2D 32 71  ............J-2q
0050: 63 2B 63 91 26 02 09 B6   80 1D ED E2 CC B8 7F DB  c+c.&...........
0060: 87 63 C8 E1 D0 6C 26 B1   35 1D 40 66 10 1B CD 95  .c...l&.5.@f....
0070: 54 18 33 61 EC 13 4F DA   13 F7 99 AF 3E D0 CF 8E  T.3a..O.....>...
0080: A6 72 A2 B3 C3 05 9A C9   27 7D 92 CC 7E 52 8D B3  .r......'....R..
0090: AB 70 6D 9E 89 9F 4D EB   1A 75 C2 98 AA D5 02 16  .pm...M..u......
00A0: D7 0C 8A BF 25 E4 EB 2D   BC 98 E9 58 38 19 7C B9  ....%..-...X8...
00B0: 37 FE DB E2 99 08 73 06   C7 97 83 6A 7D 10 01 2F  7.....s....j.../
00C0: 32 B9 17 05 4A 65 E6 2F   CE BE 5E 53 A6 82 E9 9A  2...Je./..^S....
00D0: 53 0A 84 74 2D 83 CA C8   94 16 76 5F 94 61 28 F0  S..t-.....v_.a(.
00E0: 85 A7 39 BB D7 8B D9 A8   B2 13 1D 54 09 34 24 7D  ..9........T.4$.
00F0: 20 81 7D 66 7E A2 90 74   5C 10 C6 BD EC AB 1B C2   ..f...t\.......

]]]

[2017-11-18T12:24:25.880+0100] [glassfish 4.0] [INFO] [jts.startup_msg] [javax.enterprise.system.core.transaction.com.sun.jts.CosTransactions] [tid: _ThreadID=1 _ThreadName=main] [timeMillis: 1511004265880] [levelValue: 800] [[
  JTS5014: Recoverable JTS instance, serverId = [3700]]]

[2017-11-18T12:24:26.264+0100] [glassfish 4.0] [INFO] [ejb.portable_jndi_names] [javax.enterprise.system.container.ejb.com.sun.ejb.containers] [tid: _ThreadID=1 _ThreadName=main] [timeMillis: 1511004266264] [levelValue: 800] [[
  EJB5181:Portable JNDI names for EJB HelloWorldBean: [java:global/autofinanzierungEAR/autofinanzierung/HelloWorldBean!de.randomerror.autofinanzierung.Remote.HelloWorldRemote, java:global/autofinanzierungEAR/autofinanzierung/HelloWorldBean!de.randomerror.autofinanzierung.Local.HelloWorldLocal]]]

[2017-11-18T12:24:26.264+0100] [glassfish 4.0] [INFO] [ejb.glassfish_specific_jndi_names] [javax.enterprise.system.container.ejb.com.sun.ejb.containers] [tid: _ThreadID=1 _ThreadName=main] [timeMillis: 1511004266264] [levelValue: 800] [[
  EJB5182:Glassfish-specific (Non-portable) JNDI names for EJB HelloWorldBean: [de.randomerror.autofinanzierung.Remote.HelloWorldRemote#de.randomerror.autofinanzierung.Remote.HelloWorldRemote, de.randomerror.autofinanzierung.Remote.HelloWorldRemote]]]

[2017-11-18T12:24:26.355+0100] [glassfish 4.0] [INFO] [] [org.jboss.weld.Version] [tid: _ThreadID=1 _ThreadName=main] [timeMillis: 1511004266355] [levelValue: 800] [[
  WELD-000900 2.0.0 (SP1)]]

[2017-11-18T12:24:26.692+0100] [glassfish 4.0] [INFO] [] [org.hibernate.validator.internal.util.Version] [tid: _ThreadID=1 _ThreadName=main] [timeMillis: 1511004266692] [levelValue: 800] [[
  HV000001: Hibernate Validator 5.0.0.Final]]

[2017-11-18T12:24:27.295+0100] [glassfish 4.0] [WARNING] [] [org.jboss.weld.interceptor.util.InterceptionTypeRegistry] [tid: _ThreadID=1 _ThreadName=main] [timeMillis: 1511004267295] [levelValue: 900] [[
  Class 'javax.ejb.PostActivate' not found, interception based on it is not enabled]]

[2017-11-18T12:24:27.296+0100] [glassfish 4.0] [WARNING] [] [org.jboss.weld.interceptor.util.InterceptionTypeRegistry] [tid: _ThreadID=1 _ThreadName=main] [timeMillis: 1511004267296] [levelValue: 900] [[
  Class 'javax.ejb.PrePassivate' not found, interception based on it is not enabled]]

[2017-11-18T12:24:27.606+0100] [glassfish 4.0] [INFO] [NCLS-CORE-00022] [javax.enterprise.system.core] [tid: _ThreadID=1 _ThreadName=main] [timeMillis: 1511004267606] [levelValue: 800] [[
  Loading application autofinanzierungEAR done in 4.660 ms]]

[2017-11-18T12:24:27.632+0100] [glassfish 4.0] [INFO] [NCLS-CORE-00017] [javax.enterprise.system.core] [tid: _ThreadID=1 _ThreadName=main] [timeMillis: 1511004267632] [levelValue: 800] [[
  GlassFish Server Open Source Edition  4.0  (89) startup time : Felix (2.223ms), startup services(5.636ms), total(7.859ms)]]

[2017-11-18T12:24:27.850+0100] [glassfish 4.0] [INFO] [] [javax.enterprise.system.core] [tid: _ThreadID=1 _ThreadName=main] [timeMillis: 1511004267850] [levelValue: 800] [[
  Grizzly Framework 2.3.1 started in: 4ms - bound to [/0.0.0.0:7.676]]]

[2017-11-18T12:24:27.995+0100] [glassfish 4.0] [INFO] [] [org.glassfish.jersey.server.ApplicationHandler] [tid: _ThreadID=68 _ThreadName=pool-11-thread-1] [timeMillis: 1511004267995] [levelValue: 800] [[
  Initiating Jersey application, version Jersey: 2.0 2013-05-03 14:50:15...]]

[2017-11-18T12:24:28.299+0100] [glassfish 4.0] [INFO] [] [javax.enterprise.system.container.ejb.org.glassfish.ejb.startup] [tid: _ThreadID=35 _ThreadName=admin-listener(3)] [timeMillis: 1511004268299] [levelValue: 800] [[
  keepstate options resolved to true, saving appId 99002806106193920 for application autofinanzierungEAR.]]

[2017-11-18T12:24:28.349+0100] [glassfish 4.0] [INFO] [NCLS-BOOTSTRAP-00027] [javax.enterprise.bootstrap] [tid: _ThreadID=1 _ThreadName=main] [timeMillis: 1511004268349] [levelValue: 800] [[
  Registered com.sun.enterprise.glassfish.bootstrap.osgi.EmbeddedOSGiGlassFishImpl@6d7677d8 as OSGi service registration: org.apache.felix.framework.ServiceRegistrationImpl@36fe83d.]]

[2017-11-18T12:24:29.098+0100] [glassfish 4.0] [INFO] [NCLS-JMX-00005] [javax.enterprise.system.jmx] [tid: _ThreadID=80 _ThreadName=Thread-16] [timeMillis: 1511004269098] [levelValue: 800] [[
  JMXStartupService has started JMXConnector on JMXService URL service:jmx:rmi://Henri-Desktop:8686/jndi/rmi://Henri-Desktop:8686/jmxrmi]]

[2017-11-18T12:24:29.224+0100] [glassfish 4.0] [INFO] [] [javax.enterprise.system.tools.deployment.common] [tid: _ThreadID=35 _ThreadName=admin-listener(3)] [timeMillis: 1511004269224] [levelValue: 800] [[
  visiting unvisited references]]

[2017-11-18T12:24:29.335+0100] [glassfish 4.0] [INFO] [] [javax.enterprise.system.tools.deployment.common] [tid: _ThreadID=35 _ThreadName=admin-listener(3)] [timeMillis: 1511004269335] [levelValue: 800] [[
  visiting unvisited references]]

[2017-11-18T12:24:29.340+0100] [glassfish 4.0] [SEVERE] [] [javax.enterprise.system.core] [tid: _ThreadID=35 _ThreadName=admin-listener(3)] [timeMillis: 1511004269340] [levelValue: 1000] [[
  Exception while deploying the app [autofinanzierungEAR]]]

[2017-11-18T12:24:29.341+0100] [glassfish 4.0] [SEVERE] [NCLS-CORE-00026] [javax.enterprise.system.core] [tid: _ThreadID=35 _ThreadName=admin-listener(3)] [timeMillis: 1511004269341] [levelValue: 1000] [[
  Exception during lifecycle processing
java.lang.IllegalArgumentException: Invalid ejb jar autofinanzierung.jar: it contains zero ejb. A valid ejb jar requires at least one session/entity/message driven bean.
	at org.glassfish.ejb.deployment.util.EjbBundleValidator.accept(EjbBundleValidator.java:147)
	at org.glassfish.ejb.deployment.util.EjbBundleValidator.accept(EjbBundleValidator.java:112)
	at com.sun.enterprise.deployment.BundleDescriptor.visit(BundleDescriptor.java:621)
	at org.glassfish.ejb.deployment.descriptor.EjbBundleDescriptorImpl.visit(EjbBundleDescriptorImpl.java:757)
	at com.sun.enterprise.deployment.util.ApplicationValidator.accept(ApplicationValidator.java:116)
	at com.sun.enterprise.deployment.BundleDescriptor.visit(BundleDescriptor.java:621)
	at com.sun.enterprise.deployment.archivist.ApplicationArchivist.validate(ApplicationArchivist.java:703)
	at com.sun.enterprise.deployment.archivist.ApplicationArchivist.openWith(ApplicationArchivist.java:248)
	at com.sun.enterprise.deployment.archivist.ApplicationFactory.openWith(ApplicationFactory.java:232)
	at org.glassfish.javaee.core.deployment.DolProvider.processDOL(DolProvider.java:188)
	at org.glassfish.javaee.core.deployment.DolProvider.load(DolProvider.java:222)
	at org.glassfish.javaee.core.deployment.DolProvider.load(DolProvider.java:96)
	at com.sun.enterprise.v3.server.ApplicationLifecycle.loadDeployer(ApplicationLifecycle.java:878)
	at com.sun.enterprise.v3.server.ApplicationLifecycle.setupContainerInfos(ApplicationLifecycle.java:818)
	at com.sun.enterprise.v3.server.ApplicationLifecycle.deploy(ApplicationLifecycle.java:374)
	at com.sun.enterprise.v3.server.ApplicationLifecycle.deploy(ApplicationLifecycle.java:219)
	at org.glassfish.deployment.admin.DeployCommand.execute(DeployCommand.java:491)
	at com.sun.enterprise.v3.admin.CommandRunnerImpl$2.execute(CommandRunnerImpl.java:537)
	at com.sun.enterprise.v3.admin.CommandRunnerImpl.doCommand(CommandRunnerImpl.java:546)
	at com.sun.enterprise.v3.admin.CommandRunnerImpl.doCommand(CommandRunnerImpl.java:1423)
	at com.sun.enterprise.v3.admin.CommandRunnerImpl.access$1500(CommandRunnerImpl.java:108)
	at com.sun.enterprise.v3.admin.CommandRunnerImpl$ExecutionContext.execute(CommandRunnerImpl.java:1762)
	at com.sun.enterprise.v3.admin.CommandRunnerImpl$ExecutionContext.execute(CommandRunnerImpl.java:1674)
	at org.glassfish.deployment.admin.ReDeployCommand.execute(ReDeployCommand.java:131)
	at com.sun.enterprise.v3.admin.CommandRunnerImpl$2$1.run(CommandRunnerImpl.java:527)
	at com.sun.enterprise.v3.admin.CommandRunnerImpl$2$1.run(CommandRunnerImpl.java:523)
	at java.security.AccessController.doPrivileged(Native Method)
	at javax.security.auth.Subject.doAs(Subject.java:360)
	at com.sun.enterprise.v3.admin.CommandRunnerImpl$2.execute(CommandRunnerImpl.java:522)
	at com.sun.enterprise.v3.admin.CommandRunnerImpl.doCommand(CommandRunnerImpl.java:546)
	at com.sun.enterprise.v3.admin.CommandRunnerImpl.doCommand(CommandRunnerImpl.java:1423)
	at com.sun.enterprise.v3.admin.CommandRunnerImpl.access$1500(CommandRunnerImpl.java:108)
	at com.sun.enterprise.v3.admin.CommandRunnerImpl$ExecutionContext.execute(CommandRunnerImpl.java:1762)
	at com.sun.enterprise.v3.admin.CommandRunnerImpl$ExecutionContext.execute(CommandRunnerImpl.java:1674)
	at com.sun.enterprise.v3.admin.AdminAdapter.doCommand(AdminAdapter.java:534)
	at com.sun.enterprise.v3.admin.AdminAdapter.onMissingResource(AdminAdapter.java:224)
	at org.glassfish.grizzly.http.server.StaticHttpHandler.service(StaticHttpHandler.java:297)
	at com.sun.enterprise.v3.services.impl.ContainerMapper.service(ContainerMapper.java:246)
	at org.glassfish.grizzly.http.server.HttpHandler.runService(HttpHandler.java:191)
	at org.glassfish.grizzly.http.server.HttpHandler.doHandle(HttpHandler.java:168)
	at org.glassfish.grizzly.http.server.HttpServerFilter.handleRead(HttpServerFilter.java:189)
	at org.glassfish.grizzly.filterchain.ExecutorResolver$9.execute(ExecutorResolver.java:119)
	at org.glassfish.grizzly.filterchain.DefaultFilterChain.executeFilter(DefaultFilterChain.java:288)
	at org.glassfish.grizzly.filterchain.DefaultFilterChain.executeChainPart(DefaultFilterChain.java:206)
	at org.glassfish.grizzly.filterchain.DefaultFilterChain.execute(DefaultFilterChain.java:136)
	at org.glassfish.grizzly.filterchain.DefaultFilterChain.process(DefaultFilterChain.java:114)
	at org.glassfish.grizzly.ProcessorExecutor.execute(ProcessorExecutor.java:77)
	at org.glassfish.grizzly.nio.transport.TCPNIOTransport.fireIOEvent(TCPNIOTransport.java:838)
	at org.glassfish.grizzly.strategies.AbstractIOStrategy.fireIOEvent(AbstractIOStrategy.java:113)
	at org.glassfish.grizzly.strategies.WorkerThreadIOStrategy.run0(WorkerThreadIOStrategy.java:115)
	at org.glassfish.grizzly.strategies.WorkerThreadIOStrategy.access$100(WorkerThreadIOStrategy.java:55)
	at org.glassfish.grizzly.strategies.WorkerThreadIOStrategy$WorkerThreadRunnable.run(WorkerThreadIOStrategy.java:135)
	at org.glassfish.grizzly.threadpool.AbstractThreadPool$Worker.doWork(AbstractThreadPool.java:564)
	at org.glassfish.grizzly.threadpool.AbstractThreadPool$Worker.run(AbstractThreadPool.java:544)
	at java.lang.Thread.run(Thread.java:748)
]]

[2017-11-18T12:24:29.343+0100] [glassfish 4.0] [SEVERE] [] [javax.enterprise.system.core] [tid: _ThreadID=35 _ThreadName=admin-listener(3)] [timeMillis: 1511004269343] [levelValue: 1000] [[
  Exception while deploying the app [autofinanzierungEAR] : Invalid ejb jar autofinanzierung.jar: it contains zero ejb. A valid ejb jar requires at least one session/entity/message driven bean.]]

[2017-11-18T12:24:53.354+0100] [glassfish 4.0] [INFO] [] [javax.enterprise.system.tools.deployment.common] [tid: _ThreadID=37 _ThreadName=admin-listener(5)] [timeMillis: 1511004293354] [levelValue: 800] [[
  visiting unvisited references]]

[2017-11-18T12:24:53.411+0100] [glassfish 4.0] [INFO] [] [javax.enterprise.system.tools.deployment.common] [tid: _ThreadID=37 _ThreadName=admin-listener(5)] [timeMillis: 1511004293411] [levelValue: 800] [[
  visiting unvisited references]]

[2017-11-18T12:24:53.413+0100] [glassfish 4.0] [SEVERE] [] [javax.enterprise.system.core] [tid: _ThreadID=37 _ThreadName=admin-listener(5)] [timeMillis: 1511004293413] [levelValue: 1000] [[
  Exception while deploying the app [autofinanzierungEAR]]]

[2017-11-18T12:24:53.413+0100] [glassfish 4.0] [SEVERE] [NCLS-CORE-00026] [javax.enterprise.system.core] [tid: _ThreadID=37 _ThreadName=admin-listener(5)] [timeMillis: 1511004293413] [levelValue: 1000] [[
  Exception during lifecycle processing
java.lang.IllegalArgumentException: Invalid ejb jar autofinanzierung.jar: it contains zero ejb. A valid ejb jar requires at least one session/entity/message driven bean.
	at org.glassfish.ejb.deployment.util.EjbBundleValidator.accept(EjbBundleValidator.java:147)
	at org.glassfish.ejb.deployment.util.EjbBundleValidator.accept(EjbBundleValidator.java:112)
	at com.sun.enterprise.deployment.BundleDescriptor.visit(BundleDescriptor.java:621)
	at org.glassfish.ejb.deployment.descriptor.EjbBundleDescriptorImpl.visit(EjbBundleDescriptorImpl.java:757)
	at com.sun.enterprise.deployment.util.ApplicationValidator.accept(ApplicationValidator.java:116)
	at com.sun.enterprise.deployment.BundleDescriptor.visit(BundleDescriptor.java:621)
	at com.sun.enterprise.deployment.archivist.ApplicationArchivist.validate(ApplicationArchivist.java:703)
	at com.sun.enterprise.deployment.archivist.ApplicationArchivist.openWith(ApplicationArchivist.java:248)
	at com.sun.enterprise.deployment.archivist.ApplicationFactory.openWith(ApplicationFactory.java:232)
	at org.glassfish.javaee.core.deployment.DolProvider.processDOL(DolProvider.java:188)
	at org.glassfish.javaee.core.deployment.DolProvider.load(DolProvider.java:222)
	at org.glassfish.javaee.core.deployment.DolProvider.load(DolProvider.java:96)
	at com.sun.enterprise.v3.server.ApplicationLifecycle.loadDeployer(ApplicationLifecycle.java:878)
	at com.sun.enterprise.v3.server.ApplicationLifecycle.setupContainerInfos(ApplicationLifecycle.java:818)
	at com.sun.enterprise.v3.server.ApplicationLifecycle.deploy(ApplicationLifecycle.java:374)
	at com.sun.enterprise.v3.server.ApplicationLifecycle.deploy(ApplicationLifecycle.java:219)
	at org.glassfish.deployment.admin.DeployCommand.execute(DeployCommand.java:491)
	at com.sun.enterprise.v3.admin.CommandRunnerImpl$2$1.run(CommandRunnerImpl.java:527)
	at com.sun.enterprise.v3.admin.CommandRunnerImpl$2$1.run(CommandRunnerImpl.java:523)
	at java.security.AccessController.doPrivileged(Native Method)
	at javax.security.auth.Subject.doAs(Subject.java:360)
	at com.sun.enterprise.v3.admin.CommandRunnerImpl$2.execute(CommandRunnerImpl.java:522)
	at com.sun.enterprise.v3.admin.CommandRunnerImpl.doCommand(CommandRunnerImpl.java:546)
	at com.sun.enterprise.v3.admin.CommandRunnerImpl.doCommand(CommandRunnerImpl.java:1423)
	at com.sun.enterprise.v3.admin.CommandRunnerImpl.access$1500(CommandRunnerImpl.java:108)
	at com.sun.enterprise.v3.admin.CommandRunnerImpl$ExecutionContext.execute(CommandRunnerImpl.java:1762)
	at com.sun.enterprise.v3.admin.CommandRunnerImpl$ExecutionContext.execute(CommandRunnerImpl.java:1674)
	at com.sun.enterprise.v3.admin.AdminAdapter.doCommand(AdminAdapter.java:534)
	at com.sun.enterprise.v3.admin.AdminAdapter.onMissingResource(AdminAdapter.java:224)
	at org.glassfish.grizzly.http.server.StaticHttpHandler.service(StaticHttpHandler.java:297)
	at com.sun.enterprise.v3.services.impl.ContainerMapper.service(ContainerMapper.java:246)
	at org.glassfish.grizzly.http.server.HttpHandler.runService(HttpHandler.java:191)
	at org.glassfish.grizzly.http.server.HttpHandler.doHandle(HttpHandler.java:168)
	at org.glassfish.grizzly.http.server.HttpServerFilter.handleRead(HttpServerFilter.java:189)
	at org.glassfish.grizzly.filterchain.ExecutorResolver$9.execute(ExecutorResolver.java:119)
	at org.glassfish.grizzly.filterchain.DefaultFilterChain.executeFilter(DefaultFilterChain.java:288)
	at org.glassfish.grizzly.filterchain.DefaultFilterChain.executeChainPart(DefaultFilterChain.java:206)
	at org.glassfish.grizzly.filterchain.DefaultFilterChain.execute(DefaultFilterChain.java:136)
	at org.glassfish.grizzly.filterchain.DefaultFilterChain.process(DefaultFilterChain.java:114)
	at org.glassfish.grizzly.ProcessorExecutor.execute(ProcessorExecutor.java:77)
	at org.glassfish.grizzly.nio.transport.TCPNIOTransport.fireIOEvent(TCPNIOTransport.java:838)
	at org.glassfish.grizzly.strategies.AbstractIOStrategy.fireIOEvent(AbstractIOStrategy.java:113)
	at org.glassfish.grizzly.strategies.WorkerThreadIOStrategy.run0(WorkerThreadIOStrategy.java:115)
	at org.glassfish.grizzly.strategies.WorkerThreadIOStrategy.access$100(WorkerThreadIOStrategy.java:55)
	at org.glassfish.grizzly.strategies.WorkerThreadIOStrategy$WorkerThreadRunnable.run(WorkerThreadIOStrategy.java:135)
	at org.glassfish.grizzly.threadpool.AbstractThreadPool$Worker.doWork(AbstractThreadPool.java:564)
	at org.glassfish.grizzly.threadpool.AbstractThreadPool$Worker.run(AbstractThreadPool.java:544)
	at java.lang.Thread.run(Thread.java:748)
]]

[2017-11-18T12:24:53.420+0100] [glassfish 4.0] [SEVERE] [] [javax.enterprise.system.core] [tid: _ThreadID=37 _ThreadName=admin-listener(5)] [timeMillis: 1511004293420] [levelValue: 1000] [[
  Exception while deploying the app [autofinanzierungEAR] : Invalid ejb jar autofinanzierung.jar: it contains zero ejb. A valid ejb jar requires at least one session/entity/message driven bean.]]

[2017-11-18T12:26:03.084+0100] [glassfish 4.0] [INFO] [] [javax.enterprise.system.tools.deployment.common] [tid: _ThreadID=37 _ThreadName=admin-listener(5)] [timeMillis: 1511004363084] [levelValue: 800] [[
  visiting unvisited references]]

[2017-11-18T12:26:03.179+0100] [glassfish 4.0] [INFO] [] [javax.enterprise.system.tools.deployment.common] [tid: _ThreadID=37 _ThreadName=admin-listener(5)] [timeMillis: 1511004363179] [levelValue: 800] [[
  visiting unvisited references]]

[2017-11-18T12:26:03.265+0100] [glassfish 4.0] [INFO] [ejb.portable_jndi_names] [javax.enterprise.system.container.ejb.com.sun.ejb.containers] [tid: _ThreadID=37 _ThreadName=admin-listener(5)] [timeMillis: 1511004363265] [levelValue: 800] [[
  EJB5181:Portable JNDI names for EJB CarFinancingHandlerBean: [java:global/autofinanzierungEAR/autofinanzierung/CarFinancingHandlerBean!de.randomerror.autofinanzierung.CarFinancingHandlerRemote, java:global/autofinanzierungEAR/autofinanzierung/CarFinancingHandlerBean!de.randomerror.autofinanzierung.CarFinancingHandlerLocal]]]

[2017-11-18T12:26:03.265+0100] [glassfish 4.0] [INFO] [ejb.glassfish_specific_jndi_names] [javax.enterprise.system.container.ejb.com.sun.ejb.containers] [tid: _ThreadID=37 _ThreadName=admin-listener(5)] [timeMillis: 1511004363265] [levelValue: 800] [[
  EJB5182:Glassfish-specific (Non-portable) JNDI names for EJB CarFinancingHandlerBean: [de.randomerror.autofinanzierung.CarFinancingHandlerRemote#de.randomerror.autofinanzierung.CarFinancingHandlerRemote, de.randomerror.autofinanzierung.CarFinancingHandlerRemote]]]

[2017-11-18T12:26:03.573+0100] [glassfish 4.0] [INFO] [] [javax.enterprise.system.core] [tid: _ThreadID=37 _ThreadName=admin-listener(5)] [timeMillis: 1511004363573] [levelValue: 800] [[
  autofinanzierungEAR wurde erfolgreich bereitgestellt in 505 Millisekunden.]]

[2017-11-18T13:06:26.536+0100] [glassfish 4.0] [INFO] [] [javax.enterprise.system.container.ejb.org.glassfish.ejb.startup] [tid: _ThreadID=34 _ThreadName=admin-listener(2)] [timeMillis: 1511006786536] [levelValue: 800] [[
  keepstate options resolved to true, saving appId 99025175426891776 for application autofinanzierungEAR.]]

[2017-11-18T13:06:26.616+0100] [glassfish 4.0] [INFO] [] [javax.enterprise.system.tools.deployment.common] [tid: _ThreadID=34 _ThreadName=admin-listener(2)] [timeMillis: 1511006786616] [levelValue: 800] [[
  visiting unvisited references]]

[2017-11-18T13:06:26.722+0100] [glassfish 4.0] [INFO] [] [javax.enterprise.system.tools.deployment.common] [tid: _ThreadID=34 _ThreadName=admin-listener(2)] [timeMillis: 1511006786722] [levelValue: 800] [[
  visiting unvisited references]]

[2017-11-18T13:06:26.851+0100] [glassfish 4.0] [INFO] [ejb.portable_jndi_names] [javax.enterprise.system.container.ejb.com.sun.ejb.containers] [tid: _ThreadID=34 _ThreadName=admin-listener(2)] [timeMillis: 1511006786851] [levelValue: 800] [[
  EJB5181:Portable JNDI names for EJB CarFinancingHandlerBean: [java:global/autofinanzierungEAR/autofinanzierung/CarFinancingHandlerBean!de.randomerror.autofinanzierung.CarFinancingHandlerRemote, java:global/autofinanzierungEAR/autofinanzierung/CarFinancingHandlerBean!de.randomerror.autofinanzierung.CarFinancingHandlerLocal]]]

[2017-11-18T13:06:26.852+0100] [glassfish 4.0] [INFO] [ejb.glassfish_specific_jndi_names] [javax.enterprise.system.container.ejb.com.sun.ejb.containers] [tid: _ThreadID=34 _ThreadName=admin-listener(2)] [timeMillis: 1511006786852] [levelValue: 800] [[
  EJB5182:Glassfish-specific (Non-portable) JNDI names for EJB CarFinancingHandlerBean: [de.randomerror.autofinanzierung.CarFinancingHandlerRemote#de.randomerror.autofinanzierung.CarFinancingHandlerRemote, de.randomerror.autofinanzierung.CarFinancingHandlerRemote]]]

[2017-11-18T13:06:27.085+0100] [glassfish 4.0] [INFO] [] [javax.enterprise.system.core] [tid: _ThreadID=34 _ThreadName=admin-listener(2)] [timeMillis: 1511006787085] [levelValue: 800] [[
  autofinanzierungEAR wurde erfolgreich bereitgestellt in 565 Millisekunden.]]

